[0.023s] Invoking command in '/home/eero/tello_ros_ws/build/tello_msgs': CMAKE_PREFIX_PATH=${CMAKE_PREFIX_PATH}:/opt/ros/galactic /usr/bin/cmake /home/eero/tello_ros_ws/src/tello_ros/tello_msgs -DCMAKE_INSTALL_PREFIX=/home/eero/tello_ros_ws/install/tello_msgs
[0.153s] -- The C compiler identification is GNU 9.4.0
[0.223s] -- The CXX compiler identification is GNU 9.4.0
[0.231s] -- Check for working C compiler: /usr/bin/cc
[0.315s] -- Check for working C compiler: /usr/bin/cc -- works
[0.317s] -- Detecting C compiler ABI info
[0.399s] -- Detecting C compiler ABI info - done
[0.408s] -- Detecting C compile features
[0.409s] -- Detecting C compile features - done
[0.411s] -- Check for working CXX compiler: /usr/bin/c++
[0.495s] -- Check for working CXX compiler: /usr/bin/c++ -- works
[0.496s] -- Detecting CXX compiler ABI info
[0.585s] -- Detecting CXX compiler ABI info - done
[0.601s] -- Detecting CXX compile features
[0.602s] -- Detecting CXX compile features - done
[0.604s] -- Found ament_cmake: 1.1.6 (/opt/ros/galactic/share/ament_cmake/cmake)
[0.633s] -- Found PythonInterp: /usr/bin/python3 (found suitable version "3.8.10", minimum required is "3") 
[0.633s] -- Using PYTHON_EXECUTABLE: /usr/bin/python3
[0.713s] -- Found rosidl_default_generators: 1.1.1 (/opt/ros/galactic/share/rosidl_default_generators/cmake)
[0.719s] -- Using all available rosidl_typesupport_c: rosidl_typesupport_fastrtps_c;rosidl_typesupport_introspection_c
[0.725s] -- Found rosidl_adapter: 2.2.3 (/opt/ros/galactic/share/rosidl_adapter/cmake)
[0.878s] -- Found OpenSSL: /usr/lib/x86_64-linux-gnu/libcrypto.so (found version "1.1.1f")  
[0.908s] -- Found FastRTPS: /opt/ros/galactic/include  
[1.001s] -- Using all available rosidl_typesupport_cpp: rosidl_typesupport_fastrtps_cpp;rosidl_typesupport_introspection_cpp
[1.038s] -- Found std_msgs: 2.2.4 (/opt/ros/galactic/share/std_msgs/cmake)
[1.091s] -- Found PythonInterp: /usr/bin/python3 (found version "3.8.10") 
[1.252s] -- Found ament_cmake_ros: 0.9.2 (/opt/ros/galactic/share/ament_cmake_ros/cmake)
[1.434s] -- Using all available rosidl_typesupport_c: rosidl_typesupport_fastrtps_c;rosidl_typesupport_introspection_c
[1.489s] -- Using all available rosidl_typesupport_cpp: rosidl_typesupport_fastrtps_cpp;rosidl_typesupport_introspection_cpp
[1.517s] -- Found PythonInterp: /usr/bin/python3 (found suitable version "3.8.10", minimum required is "3.5") 
[1.521s] -- Found python_cmake_module: 0.8.1 (/opt/ros/galactic/share/python_cmake_module/cmake)
[1.558s] -- Found PythonLibs: /usr/lib/x86_64-linux-gnu/libpython3.8.so (found suitable version "3.8.10", minimum required is "3.5") 
[1.558s] -- Using PYTHON_EXECUTABLE: /usr/bin/python3
[1.558s] -- Using PYTHON_INCLUDE_DIRS: /usr/include/python3.8
[1.559s] -- Using PYTHON_LIBRARIES: /usr/lib/x86_64-linux-gnu/libpython3.8.so
[1.586s] -- Found PythonExtra: .so  
[1.666s] -- Configuring done
[1.707s] -- Generating done
[1.722s] -- Build files have been written to: /home/eero/tello_ros_ws/build/tello_msgs
[1.730s] Invoked command in '/home/eero/tello_ros_ws/build/tello_msgs' returned '0': CMAKE_PREFIX_PATH=${CMAKE_PREFIX_PATH}:/opt/ros/galactic /usr/bin/cmake /home/eero/tello_ros_ws/src/tello_ros/tello_msgs -DCMAKE_INSTALL_PREFIX=/home/eero/tello_ros_ws/install/tello_msgs
[1.732s] Invoking command in '/home/eero/tello_ros_ws/build/tello_msgs': CMAKE_PREFIX_PATH=${CMAKE_PREFIX_PATH}:/opt/ros/galactic /usr/bin/cmake --build /home/eero/tello_ros_ws/build/tello_msgs -- -j6 -l6
[1.790s] [35m[1mScanning dependencies of target tello_msgs__cpp[0m
[1.790s] [  2%] [34m[1mGenerating C code for ROS interfaces[0m
[1.802s] [  4%] [34m[1mGenerating C++ code for ROS interfaces[0m
[2.306s] [  4%] Built target tello_msgs__cpp
[2.318s] [  6%] [34m[1mGenerating C++ type support dispatch for ROS interfaces[0m
[2.320s] [  8%] [34m[1mGenerating C++ type support for eProsima Fast-RTPS[0m
[2.322s] [ 10%] [34m[1mGenerating C++ introspection for ROS interfaces[0m
[2.330s] [35m[1mScanning dependencies of target tello_msgs__rosidl_generator_c[0m
[2.348s] [ 12%] [32mBuilding C object CMakeFiles/tello_msgs__rosidl_generator_c.dir/rosidl_generator_c/tello_msgs/msg/detail/tello_response__functions.c.o[0m
[2.349s] [ 14%] [32mBuilding C object CMakeFiles/tello_msgs__rosidl_generator_c.dir/rosidl_generator_c/tello_msgs/msg/detail/flight_data__functions.c.o[0m
[2.353s] [ 17%] [32mBuilding C object CMakeFiles/tello_msgs__rosidl_generator_c.dir/rosidl_generator_c/tello_msgs/srv/detail/tello_action__functions.c.o[0m
[2.406s] [ 19%] [32m[1mLinking C shared library libtello_msgs__rosidl_generator_c.so[0m
[2.453s] [ 19%] Built target tello_msgs__rosidl_generator_c
[2.468s] [ 23%] [34m[1mGenerating C type support dispatch for ROS interfaces[0m
[2.468s] [ 23%] [34m[1mGenerating C introspection for ROS interfaces[0m
[2.774s] [35m[1mScanning dependencies of target tello_msgs__rosidl_typesupport_cpp[0m
[2.788s] [ 25%] [32mBuilding CXX object CMakeFiles/tello_msgs__rosidl_typesupport_cpp.dir/rosidl_typesupport_cpp/tello_msgs/msg/flight_data__type_support.cpp.o[0m
[2.792s] [ 27%] [32mBuilding CXX object CMakeFiles/tello_msgs__rosidl_typesupport_cpp.dir/rosidl_typesupport_cpp/tello_msgs/msg/tello_response__type_support.cpp.o[0m
[2.846s] [35m[1mScanning dependencies of target tello_msgs__rosidl_typesupport_introspection_cpp[0m
[2.861s] [ 29%] [32mBuilding CXX object CMakeFiles/tello_msgs__rosidl_typesupport_introspection_cpp.dir/rosidl_typesupport_introspection_cpp/tello_msgs/msg/detail/flight_data__type_support.cpp.o[0m
[2.870s] [35m[1mScanning dependencies of target tello_msgs__rosidl_typesupport_fastrtps_cpp[0m
[2.888s] [ 31%] [32mBuilding CXX object CMakeFiles/tello_msgs__rosidl_typesupport_fastrtps_cpp.dir/rosidl_typesupport_fastrtps_cpp/tello_msgs/msg/detail/dds_fastrtps/flight_data__type_support.cpp.o[0m
[2.941s] [35m[1mScanning dependencies of target tello_msgs__rosidl_typesupport_c[0m
[2.959s] [ 34%] [32mBuilding CXX object CMakeFiles/tello_msgs__rosidl_typesupport_c.dir/rosidl_typesupport_c/tello_msgs/msg/flight_data__type_support.cpp.o[0m
[2.987s] [ 36%] [32mBuilding CXX object CMakeFiles/tello_msgs__rosidl_typesupport_c.dir/rosidl_typesupport_c/tello_msgs/msg/tello_response__type_support.cpp.o[0m
[3.006s] [35m[1mScanning dependencies of target tello_msgs__rosidl_typesupport_introspection_c[0m
[3.021s] [ 38%] [32mBuilding C object CMakeFiles/tello_msgs__rosidl_typesupport_introspection_c.dir/rosidl_typesupport_introspection_c/tello_msgs/msg/detail/flight_data__type_support.c.o[0m
[3.022s] [ 40%] [32mBuilding CXX object CMakeFiles/tello_msgs__rosidl_typesupport_c.dir/rosidl_typesupport_c/tello_msgs/srv/tello_action__type_support.cpp.o[0m
[3.046s] [ 42%] [32mBuilding CXX object CMakeFiles/tello_msgs__rosidl_typesupport_cpp.dir/rosidl_typesupport_cpp/tello_msgs/srv/tello_action__type_support.cpp.o[0m
[3.053s] [ 44%] [32m[1mLinking CXX shared library libtello_msgs__rosidl_typesupport_c.so[0m
[3.058s] [ 46%] [32mBuilding C object CMakeFiles/tello_msgs__rosidl_typesupport_introspection_c.dir/rosidl_typesupport_introspection_c/tello_msgs/msg/detail/tello_response__type_support.c.o[0m
[3.064s] [ 48%] [32mBuilding CXX object CMakeFiles/tello_msgs__rosidl_typesupport_fastrtps_cpp.dir/rosidl_typesupport_fastrtps_cpp/tello_msgs/msg/detail/dds_fastrtps/tello_response__type_support.cpp.o[0m
[3.093s] [ 48%] Built target tello_msgs__rosidl_typesupport_c
[3.094s] [ 51%] [32mBuilding C object CMakeFiles/tello_msgs__rosidl_typesupport_introspection_c.dir/rosidl_typesupport_introspection_c/tello_msgs/srv/detail/tello_action__type_support.c.o[0m
[3.103s] [ 53%] [32mBuilding CXX object CMakeFiles/tello_msgs__rosidl_typesupport_fastrtps_cpp.dir/rosidl_typesupport_fastrtps_cpp/tello_msgs/srv/detail/dds_fastrtps/tello_action__type_support.cpp.o[0m
[3.130s] [ 55%] [32m[1mLinking C shared library libtello_msgs__rosidl_typesupport_introspection_c.so[0m
[3.140s] [ 57%] [32mBuilding CXX object CMakeFiles/tello_msgs__rosidl_typesupport_introspection_cpp.dir/rosidl_typesupport_introspection_cpp/tello_msgs/msg/detail/tello_response__type_support.cpp.o[0m
[3.160s] [ 57%] Built target tello_msgs__rosidl_typesupport_introspection_c
[3.169s] [ 59%] [32mBuilding CXX object CMakeFiles/tello_msgs__rosidl_typesupport_introspection_cpp.dir/rosidl_typesupport_introspection_cpp/tello_msgs/srv/detail/tello_action__type_support.cpp.o[0m
[3.320s] [ 61%] [32m[1mLinking CXX shared library libtello_msgs__rosidl_typesupport_cpp.so[0m
[3.373s] [ 61%] Built target tello_msgs__rosidl_typesupport_cpp
[3.420s] [ 63%] [32m[1mLinking CXX shared library libtello_msgs__rosidl_typesupport_introspection_cpp.so[0m
[3.494s] [ 63%] Built target tello_msgs__rosidl_typesupport_introspection_cpp
[3.505s] [ 65%] [32m[1mLinking CXX shared library libtello_msgs__rosidl_typesupport_fastrtps_cpp.so[0m
[3.610s] [ 65%] Built target tello_msgs__rosidl_typesupport_fastrtps_cpp
[3.623s] [ 68%] [34m[1mGenerating C type support for eProsima Fast-RTPS[0m
[4.114s] [35m[1mScanning dependencies of target tello_msgs__rosidl_typesupport_fastrtps_c[0m
[4.131s] [ 70%] [32mBuilding CXX object CMakeFiles/tello_msgs__rosidl_typesupport_fastrtps_c.dir/rosidl_typesupport_fastrtps_c/tello_msgs/msg/detail/flight_data__type_support_c.cpp.o[0m
[4.134s] [ 72%] [32mBuilding CXX object CMakeFiles/tello_msgs__rosidl_typesupport_fastrtps_c.dir/rosidl_typesupport_fastrtps_c/tello_msgs/srv/detail/tello_action__type_support_c.cpp.o[0m
[4.136s] [ 74%] [32mBuilding CXX object CMakeFiles/tello_msgs__rosidl_typesupport_fastrtps_c.dir/rosidl_typesupport_fastrtps_c/tello_msgs/msg/detail/tello_response__type_support_c.cpp.o[0m
[4.441s] [ 76%] [32m[1mLinking CXX shared library libtello_msgs__rosidl_typesupport_fastrtps_c.so[0m
[4.551s] [ 76%] Built target tello_msgs__rosidl_typesupport_fastrtps_c
[4.564s] [35m[1mScanning dependencies of target tello_msgs[0m
[4.580s] [ 76%] Built target tello_msgs
[4.596s] [35m[1mScanning dependencies of target tello_msgs__py[0m
[4.606s] [ 78%] [34m[1mGenerating Python code for ROS interfaces[0m
[5.578s] [ 78%] Built target tello_msgs__py
[5.591s] [35m[1mScanning dependencies of target tello_msgs__python[0m
[5.640s] [ 80%] [32mBuilding C object CMakeFiles/tello_msgs__python.dir/rosidl_generator_py/tello_msgs/msg/_tello_response_s.c.o[0m
[5.641s] [ 82%] [32mBuilding C object CMakeFiles/tello_msgs__python.dir/rosidl_generator_py/tello_msgs/srv/_tello_action_s.c.o[0m
[5.642s] [ 85%] [32mBuilding C object CMakeFiles/tello_msgs__python.dir/rosidl_generator_py/tello_msgs/msg/_flight_data_s.c.o[0m
[5.733s] [ 87%] [32m[1mLinking C shared library rosidl_generator_py/tello_msgs/libtello_msgs__python.so[0m
[5.787s] [ 87%] Built target tello_msgs__python
[5.797s] [35m[1mScanning dependencies of target tello_msgs__rosidl_typesupport_fastrtps_c__pyext[0m
[5.802s] [35m[1mScanning dependencies of target tello_msgs__rosidl_typesupport_c__pyext[0m
[5.805s] [35m[1mScanning dependencies of target tello_msgs__rosidl_typesupport_introspection_c__pyext[0m
[5.819s] [ 89%] [32mBuilding C object CMakeFiles/tello_msgs__rosidl_typesupport_fastrtps_c__pyext.dir/rosidl_generator_py/tello_msgs/_tello_msgs_s.ep.rosidl_typesupport_fastrtps_c.c.o[0m
[5.822s] [ 91%] [32mBuilding C object CMakeFiles/tello_msgs__rosidl_typesupport_c__pyext.dir/rosidl_generator_py/tello_msgs/_tello_msgs_s.ep.rosidl_typesupport_c.c.o[0m
[5.824s] [ 93%] [32mBuilding C object CMakeFiles/tello_msgs__rosidl_typesupport_introspection_c__pyext.dir/rosidl_generator_py/tello_msgs/_tello_msgs_s.ep.rosidl_typesupport_introspection_c.c.o[0m
[5.904s] [ 95%] [32m[1mLinking C shared library rosidl_generator_py/tello_msgs/tello_msgs_s__rosidl_typesupport_introspection_c.cpython-38-x86_64-linux-gnu.so[0m
[5.904s] [ 97%] [32m[1mLinking CXX shared library rosidl_generator_py/tello_msgs/tello_msgs_s__rosidl_typesupport_fastrtps_c.cpython-38-x86_64-linux-gnu.so[0m
[5.905s] [100%] [32m[1mLinking C shared library rosidl_generator_py/tello_msgs/tello_msgs_s__rosidl_typesupport_c.cpython-38-x86_64-linux-gnu.so[0m
[5.944s] [100%] Built target tello_msgs__rosidl_typesupport_c__pyext
[5.951s] [100%] Built target tello_msgs__rosidl_typesupport_introspection_c__pyext
[5.974s] [100%] Built target tello_msgs__rosidl_typesupport_fastrtps_c__pyext
[5.987s] Invoked command in '/home/eero/tello_ros_ws/build/tello_msgs' returned '0': CMAKE_PREFIX_PATH=${CMAKE_PREFIX_PATH}:/opt/ros/galactic /usr/bin/cmake --build /home/eero/tello_ros_ws/build/tello_msgs -- -j6 -l6
[5.992s] Invoking command in '/home/eero/tello_ros_ws/build/tello_msgs': CMAKE_PREFIX_PATH=${CMAKE_PREFIX_PATH}:/opt/ros/galactic /usr/bin/cmake --install /home/eero/tello_ros_ws/build/tello_msgs
[5.998s] -- Install configuration: ""
[5.999s] -- Installing: /home/eero/tello_ros_ws/install/tello_msgs/share/ament_index/resource_index/rosidl_interfaces/tello_msgs
[5.999s] -- Installing: /home/eero/tello_ros_ws/install/tello_msgs/include/tello_msgs
[5.999s] -- Installing: /home/eero/tello_ros_ws/install/tello_msgs/include/tello_msgs/msg
[5.999s] -- Installing: /home/eero/tello_ros_ws/install/tello_msgs/include/tello_msgs/msg/rosidl_generator_c__visibility_control.h
[6.000s] -- Installing: /home/eero/tello_ros_ws/install/tello_msgs/include/tello_msgs/msg/flight_data.h
[6.000s] -- Installing: /home/eero/tello_ros_ws/install/tello_msgs/include/tello_msgs/msg/detail
[6.000s] -- Installing: /home/eero/tello_ros_ws/install/tello_msgs/include/tello_msgs/msg/detail/flight_data__functions.h
[6.000s] -- Installing: /home/eero/tello_ros_ws/install/tello_msgs/include/tello_msgs/msg/detail/tello_response__functions.c
[6.000s] -- Installing: /home/eero/tello_ros_ws/install/tello_msgs/include/tello_msgs/msg/detail/flight_data__functions.c
[6.000s] -- Installing: /home/eero/tello_ros_ws/install/tello_msgs/include/tello_msgs/msg/detail/flight_data__struct.h
[6.001s] -- Installing: /home/eero/tello_ros_ws/install/tello_msgs/include/tello_msgs/msg/detail/tello_response__type_support.h
[6.001s] -- Installing: /home/eero/tello_ros_ws/install/tello_msgs/include/tello_msgs/msg/detail/flight_data__type_support.h
[6.001s] -- Installing: /home/eero/tello_ros_ws/install/tello_msgs/include/tello_msgs/msg/detail/tello_response__struct.h
[6.001s] -- Installing: /home/eero/tello_ros_ws/install/tello_msgs/include/tello_msgs/msg/detail/tello_response__functions.h
[6.001s] -- Installing: /home/eero/tello_ros_ws/install/tello_msgs/include/tello_msgs/msg/tello_response.h
[6.001s] -- Installing: /home/eero/tello_ros_ws/install/tello_msgs/include/tello_msgs/srv
[6.001s] -- Installing: /home/eero/tello_ros_ws/install/tello_msgs/include/tello_msgs/srv/tello_action.h
[6.002s] -- Installing: /home/eero/tello_ros_ws/install/tello_msgs/include/tello_msgs/srv/detail
[6.002s] -- Installing: /home/eero/tello_ros_ws/install/tello_msgs/include/tello_msgs/srv/detail/tello_action__functions.c
[6.002s] -- Installing: /home/eero/tello_ros_ws/install/tello_msgs/include/tello_msgs/srv/detail/tello_action__struct.h
[6.002s] -- Installing: /home/eero/tello_ros_ws/install/tello_msgs/include/tello_msgs/srv/detail/tello_action__functions.h
[6.002s] -- Installing: /home/eero/tello_ros_ws/install/tello_msgs/include/tello_msgs/srv/detail/tello_action__type_support.h
[6.002s] -- Installing: /home/eero/tello_ros_ws/install/tello_msgs/share/tello_msgs/environment/library_path.sh
[6.002s] -- Installing: /home/eero/tello_ros_ws/install/tello_msgs/share/tello_msgs/environment/library_path.dsv
[6.003s] -- Installing: /home/eero/tello_ros_ws/install/tello_msgs/lib/libtello_msgs__rosidl_generator_c.so
[6.003s] -- Set runtime path of "/home/eero/tello_ros_ws/install/tello_msgs/lib/libtello_msgs__rosidl_generator_c.so" to ""
[6.003s] -- Up-to-date: /home/eero/tello_ros_ws/install/tello_msgs/include/tello_msgs
[6.003s] -- Up-to-date: /home/eero/tello_ros_ws/install/tello_msgs/include/tello_msgs/msg
[6.003s] -- Up-to-date: /home/eero/tello_ros_ws/install/tello_msgs/include/tello_msgs/msg/detail
[6.003s] -- Installing: /home/eero/tello_ros_ws/install/tello_msgs/include/tello_msgs/msg/detail/flight_data__rosidl_typesupport_fastrtps_c.h
[6.003s] -- Installing: /home/eero/tello_ros_ws/install/tello_msgs/include/tello_msgs/msg/detail/tello_response__rosidl_typesupport_fastrtps_c.h
[6.004s] -- Installing: /home/eero/tello_ros_ws/install/tello_msgs/include/tello_msgs/msg/rosidl_typesupport_fastrtps_c__visibility_control.h
[6.004s] -- Up-to-date: /home/eero/tello_ros_ws/install/tello_msgs/include/tello_msgs/srv
[6.004s] -- Up-to-date: /home/eero/tello_ros_ws/install/tello_msgs/include/tello_msgs/srv/detail
[6.004s] -- Installing: /home/eero/tello_ros_ws/install/tello_msgs/include/tello_msgs/srv/detail/tello_action__rosidl_typesupport_fastrtps_c.h
[6.004s] -- Installing: /home/eero/tello_ros_ws/install/tello_msgs/lib/libtello_msgs__rosidl_typesupport_fastrtps_c.so
[6.004s] -- Set runtime path of "/home/eero/tello_ros_ws/install/tello_msgs/lib/libtello_msgs__rosidl_typesupport_fastrtps_c.so" to ""
[6.005s] -- Up-to-date: /home/eero/tello_ros_ws/install/tello_msgs/include/tello_msgs
[6.005s] -- Up-to-date: /home/eero/tello_ros_ws/install/tello_msgs/include/tello_msgs/msg
[6.005s] -- Installing: /home/eero/tello_ros_ws/install/tello_msgs/include/tello_msgs/msg/rosidl_typesupport_fastrtps_cpp__visibility_control.h
[6.005s] -- Up-to-date: /home/eero/tello_ros_ws/install/tello_msgs/include/tello_msgs/msg/detail
[6.005s] -- Installing: /home/eero/tello_ros_ws/install/tello_msgs/include/tello_msgs/msg/detail/tello_response__rosidl_typesupport_fastrtps_cpp.hpp
[6.005s] -- Installing: /home/eero/tello_ros_ws/install/tello_msgs/include/tello_msgs/msg/detail/flight_data__rosidl_typesupport_fastrtps_cpp.hpp
[6.006s] -- Installing: /home/eero/tello_ros_ws/install/tello_msgs/include/tello_msgs/msg/detail/dds_fastrtps
[6.006s] -- Up-to-date: /home/eero/tello_ros_ws/install/tello_msgs/include/tello_msgs/srv
[6.006s] -- Up-to-date: /home/eero/tello_ros_ws/install/tello_msgs/include/tello_msgs/srv/detail
[6.006s] -- Installing: /home/eero/tello_ros_ws/install/tello_msgs/include/tello_msgs/srv/detail/tello_action__rosidl_typesupport_fastrtps_cpp.hpp
[6.006s] -- Installing: /home/eero/tello_ros_ws/install/tello_msgs/include/tello_msgs/srv/detail/dds_fastrtps
[6.006s] -- Installing: /home/eero/tello_ros_ws/install/tello_msgs/lib/libtello_msgs__rosidl_typesupport_fastrtps_cpp.so
[6.006s] -- Set runtime path of "/home/eero/tello_ros_ws/install/tello_msgs/lib/libtello_msgs__rosidl_typesupport_fastrtps_cpp.so" to ""
[6.007s] -- Up-to-date: /home/eero/tello_ros_ws/install/tello_msgs/include/tello_msgs
[6.007s] -- Up-to-date: /home/eero/tello_ros_ws/install/tello_msgs/include/tello_msgs/msg
[6.007s] -- Installing: /home/eero/tello_ros_ws/install/tello_msgs/include/tello_msgs/msg/rosidl_typesupport_introspection_c__visibility_control.h
[6.007s] -- Up-to-date: /home/eero/tello_ros_ws/install/tello_msgs/include/tello_msgs/msg/detail
[6.007s] -- Installing: /home/eero/tello_ros_ws/install/tello_msgs/include/tello_msgs/msg/detail/tello_response__rosidl_typesupport_introspection_c.h
[6.007s] -- Installing: /home/eero/tello_ros_ws/install/tello_msgs/include/tello_msgs/msg/detail/tello_response__type_support.c
[6.008s] -- Installing: /home/eero/tello_ros_ws/install/tello_msgs/include/tello_msgs/msg/detail/flight_data__rosidl_typesupport_introspection_c.h
[6.008s] -- Installing: /home/eero/tello_ros_ws/install/tello_msgs/include/tello_msgs/msg/detail/flight_data__type_support.c
[6.008s] -- Up-to-date: /home/eero/tello_ros_ws/install/tello_msgs/include/tello_msgs/srv
[6.008s] -- Up-to-date: /home/eero/tello_ros_ws/install/tello_msgs/include/tello_msgs/srv/detail
[6.008s] -- Installing: /home/eero/tello_ros_ws/install/tello_msgs/include/tello_msgs/srv/detail/tello_action__type_support.c
[6.008s] -- Installing: /home/eero/tello_ros_ws/install/tello_msgs/include/tello_msgs/srv/detail/tello_action__rosidl_typesupport_introspection_c.h
[6.008s] -- Installing: /home/eero/tello_ros_ws/install/tello_msgs/lib/libtello_msgs__rosidl_typesupport_introspection_c.so
[6.008s] -- Set runtime path of "/home/eero/tello_ros_ws/install/tello_msgs/lib/libtello_msgs__rosidl_typesupport_introspection_c.so" to ""
[6.008s] -- Installing: /home/eero/tello_ros_ws/install/tello_msgs/lib/libtello_msgs__rosidl_typesupport_c.so
[6.009s] -- Set runtime path of "/home/eero/tello_ros_ws/install/tello_msgs/lib/libtello_msgs__rosidl_typesupport_c.so" to ""
[6.009s] -- Up-to-date: /home/eero/tello_ros_ws/install/tello_msgs/include/tello_msgs
[6.009s] -- Up-to-date: /home/eero/tello_ros_ws/install/tello_msgs/include/tello_msgs/msg
[6.009s] -- Installing: /home/eero/tello_ros_ws/install/tello_msgs/include/tello_msgs/msg/flight_data.hpp
[6.009s] -- Installing: /home/eero/tello_ros_ws/install/tello_msgs/include/tello_msgs/msg/tello_response.hpp
[6.009s] -- Up-to-date: /home/eero/tello_ros_ws/install/tello_msgs/include/tello_msgs/msg/detail
[6.009s] -- Installing: /home/eero/tello_ros_ws/install/tello_msgs/include/tello_msgs/msg/detail/flight_data__struct.hpp
[6.009s] -- Installing: /home/eero/tello_ros_ws/install/tello_msgs/include/tello_msgs/msg/detail/tello_response__traits.hpp
[6.010s] -- Installing: /home/eero/tello_ros_ws/install/tello_msgs/include/tello_msgs/msg/detail/tello_response__builder.hpp
[6.010s] -- Installing: /home/eero/tello_ros_ws/install/tello_msgs/include/tello_msgs/msg/detail/flight_data__builder.hpp
[6.010s] -- Installing: /home/eero/tello_ros_ws/install/tello_msgs/include/tello_msgs/msg/detail/flight_data__traits.hpp
[6.010s] -- Installing: /home/eero/tello_ros_ws/install/tello_msgs/include/tello_msgs/msg/detail/tello_response__struct.hpp
[6.010s] -- Up-to-date: /home/eero/tello_ros_ws/install/tello_msgs/include/tello_msgs/srv
[6.010s] -- Up-to-date: /home/eero/tello_ros_ws/install/tello_msgs/include/tello_msgs/srv/detail
[6.010s] -- Installing: /home/eero/tello_ros_ws/install/tello_msgs/include/tello_msgs/srv/detail/tello_action__builder.hpp
[6.010s] -- Installing: /home/eero/tello_ros_ws/install/tello_msgs/include/tello_msgs/srv/detail/tello_action__struct.hpp
[6.010s] -- Installing: /home/eero/tello_ros_ws/install/tello_msgs/include/tello_msgs/srv/detail/tello_action__traits.hpp
[6.011s] -- Installing: /home/eero/tello_ros_ws/install/tello_msgs/include/tello_msgs/srv/tello_action.hpp
[6.011s] -- Up-to-date: /home/eero/tello_ros_ws/install/tello_msgs/include/tello_msgs
[6.011s] -- Up-to-date: /home/eero/tello_ros_ws/install/tello_msgs/include/tello_msgs/msg
[6.011s] -- Up-to-date: /home/eero/tello_ros_ws/install/tello_msgs/include/tello_msgs/msg/detail
[6.011s] -- Installing: /home/eero/tello_ros_ws/install/tello_msgs/include/tello_msgs/msg/detail/flight_data__rosidl_typesupport_introspection_cpp.hpp
[6.011s] -- Installing: /home/eero/tello_ros_ws/install/tello_msgs/include/tello_msgs/msg/detail/flight_data__type_support.cpp
[6.011s] -- Installing: /home/eero/tello_ros_ws/install/tello_msgs/include/tello_msgs/msg/detail/tello_response__rosidl_typesupport_introspection_cpp.hpp
[6.011s] -- Installing: /home/eero/tello_ros_ws/install/tello_msgs/include/tello_msgs/msg/detail/tello_response__type_support.cpp
[6.012s] -- Up-to-date: /home/eero/tello_ros_ws/install/tello_msgs/include/tello_msgs/srv
[6.012s] -- Up-to-date: /home/eero/tello_ros_ws/install/tello_msgs/include/tello_msgs/srv/detail
[6.012s] -- Installing: /home/eero/tello_ros_ws/install/tello_msgs/include/tello_msgs/srv/detail/tello_action__rosidl_typesupport_introspection_cpp.hpp
[6.012s] -- Installing: /home/eero/tello_ros_ws/install/tello_msgs/include/tello_msgs/srv/detail/tello_action__type_support.cpp
[6.012s] -- Installing: /home/eero/tello_ros_ws/install/tello_msgs/lib/libtello_msgs__rosidl_typesupport_introspection_cpp.so
[6.013s] -- Set runtime path of "/home/eero/tello_ros_ws/install/tello_msgs/lib/libtello_msgs__rosidl_typesupport_introspection_cpp.so" to ""
[6.013s] -- Installing: /home/eero/tello_ros_ws/install/tello_msgs/lib/libtello_msgs__rosidl_typesupport_cpp.so
[6.013s] -- Set runtime path of "/home/eero/tello_ros_ws/install/tello_msgs/lib/libtello_msgs__rosidl_typesupport_cpp.so" to ""
[6.013s] -- Installing: /home/eero/tello_ros_ws/install/tello_msgs/share/tello_msgs/environment/pythonpath.sh
[6.014s] -- Installing: /home/eero/tello_ros_ws/install/tello_msgs/share/tello_msgs/environment/pythonpath.dsv
[6.014s] -- Installing: /home/eero/tello_ros_ws/install/tello_msgs/lib/python3.8/site-packages/tello_msgs/__init__.py
[6.046s] Compiling '/home/eero/tello_ros_ws/install/tello_msgs/lib/python3.8/site-packages/tello_msgs/__init__.py'...
[6.049s] -- Installing: /home/eero/tello_ros_ws/install/tello_msgs/lib/python3.8/site-packages/tello_msgs/msg
[6.050s] -- Installing: /home/eero/tello_ros_ws/install/tello_msgs/lib/python3.8/site-packages/tello_msgs/msg/_tello_response_s.c
[6.050s] -- Installing: /home/eero/tello_ros_ws/install/tello_msgs/lib/python3.8/site-packages/tello_msgs/msg/_tello_response.py
[6.050s] -- Installing: /home/eero/tello_ros_ws/install/tello_msgs/lib/python3.8/site-packages/tello_msgs/msg/__init__.py
[6.050s] -- Installing: /home/eero/tello_ros_ws/install/tello_msgs/lib/python3.8/site-packages/tello_msgs/msg/_flight_data.py
[6.051s] -- Installing: /home/eero/tello_ros_ws/install/tello_msgs/lib/python3.8/site-packages/tello_msgs/msg/_flight_data_s.c
[6.051s] -- Installing: /home/eero/tello_ros_ws/install/tello_msgs/lib/python3.8/site-packages/tello_msgs/srv
[6.051s] -- Installing: /home/eero/tello_ros_ws/install/tello_msgs/lib/python3.8/site-packages/tello_msgs/srv/_tello_action_s.c
[6.051s] -- Installing: /home/eero/tello_ros_ws/install/tello_msgs/lib/python3.8/site-packages/tello_msgs/srv/_tello_action.py
[6.051s] -- Installing: /home/eero/tello_ros_ws/install/tello_msgs/lib/python3.8/site-packages/tello_msgs/srv/__init__.py
[6.052s] -- Installing: /home/eero/tello_ros_ws/install/tello_msgs/lib/python3.8/site-packages/tello_msgs/tello_msgs_s__rosidl_typesupport_fastrtps_c.cpython-38-x86_64-linux-gnu.so
[6.052s] -- Set runtime path of "/home/eero/tello_ros_ws/install/tello_msgs/lib/python3.8/site-packages/tello_msgs/tello_msgs_s__rosidl_typesupport_fastrtps_c.cpython-38-x86_64-linux-gnu.so" to ""
[6.053s] -- Installing: /home/eero/tello_ros_ws/install/tello_msgs/lib/python3.8/site-packages/tello_msgs/tello_msgs_s__rosidl_typesupport_introspection_c.cpython-38-x86_64-linux-gnu.so
[6.053s] -- Set runtime path of "/home/eero/tello_ros_ws/install/tello_msgs/lib/python3.8/site-packages/tello_msgs/tello_msgs_s__rosidl_typesupport_introspection_c.cpython-38-x86_64-linux-gnu.so" to ""
[6.054s] -- Installing: /home/eero/tello_ros_ws/install/tello_msgs/lib/python3.8/site-packages/tello_msgs/tello_msgs_s__rosidl_typesupport_c.cpython-38-x86_64-linux-gnu.so
[6.055s] -- Set runtime path of "/home/eero/tello_ros_ws/install/tello_msgs/lib/python3.8/site-packages/tello_msgs/tello_msgs_s__rosidl_typesupport_c.cpython-38-x86_64-linux-gnu.so" to ""
[6.055s] -- Installing: /home/eero/tello_ros_ws/install/tello_msgs/lib/libtello_msgs__python.so
[6.056s] -- Set runtime path of "/home/eero/tello_ros_ws/install/tello_msgs/lib/libtello_msgs__python.so" to ""
[6.056s] -- Installing: /home/eero/tello_ros_ws/install/tello_msgs/share/tello_msgs/msg/FlightData.idl
[6.056s] -- Installing: /home/eero/tello_ros_ws/install/tello_msgs/share/tello_msgs/msg/TelloResponse.idl
[6.057s] -- Installing: /home/eero/tello_ros_ws/install/tello_msgs/share/tello_msgs/srv/TelloAction.idl
[6.057s] -- Installing: /home/eero/tello_ros_ws/install/tello_msgs/share/tello_msgs/msg/FlightData.msg
[6.057s] -- Installing: /home/eero/tello_ros_ws/install/tello_msgs/share/tello_msgs/msg/TelloResponse.msg
[6.057s] -- Installing: /home/eero/tello_ros_ws/install/tello_msgs/share/tello_msgs/srv/TelloAction.srv
[6.057s] -- Installing: /home/eero/tello_ros_ws/install/tello_msgs/share/tello_msgs/srv/TelloAction_Request.msg
[6.058s] -- Installing: /home/eero/tello_ros_ws/install/tello_msgs/share/tello_msgs/srv/TelloAction_Response.msg
[6.058s] -- Installing: /home/eero/tello_ros_ws/install/tello_msgs/share/ament_index/resource_index/package_run_dependencies/tello_msgs
[6.058s] -- Installing: /home/eero/tello_ros_ws/install/tello_msgs/share/ament_index/resource_index/parent_prefix_path/tello_msgs
[6.058s] -- Installing: /home/eero/tello_ros_ws/install/tello_msgs/share/tello_msgs/environment/ament_prefix_path.sh
[6.058s] -- Installing: /home/eero/tello_ros_ws/install/tello_msgs/share/tello_msgs/environment/ament_prefix_path.dsv
[6.058s] -- Installing: /home/eero/tello_ros_ws/install/tello_msgs/share/tello_msgs/environment/path.sh
[6.059s] -- Installing: /home/eero/tello_ros_ws/install/tello_msgs/share/tello_msgs/environment/path.dsv
[6.059s] -- Installing: /home/eero/tello_ros_ws/install/tello_msgs/share/tello_msgs/local_setup.bash
[6.059s] -- Installing: /home/eero/tello_ros_ws/install/tello_msgs/share/tello_msgs/local_setup.sh
[6.059s] -- Installing: /home/eero/tello_ros_ws/install/tello_msgs/share/tello_msgs/local_setup.zsh
[6.060s] -- Installing: /home/eero/tello_ros_ws/install/tello_msgs/share/tello_msgs/local_setup.dsv
[6.060s] -- Installing: /home/eero/tello_ros_ws/install/tello_msgs/share/tello_msgs/package.dsv
[6.060s] -- Installing: /home/eero/tello_ros_ws/install/tello_msgs/share/ament_index/resource_index/packages/tello_msgs
[6.060s] -- Installing: /home/eero/tello_ros_ws/install/tello_msgs/share/tello_msgs/cmake/tello_msgs__rosidl_generator_cExport.cmake
[6.060s] -- Installing: /home/eero/tello_ros_ws/install/tello_msgs/share/tello_msgs/cmake/tello_msgs__rosidl_generator_cExport-noconfig.cmake
[6.060s] -- Installing: /home/eero/tello_ros_ws/install/tello_msgs/share/tello_msgs/cmake/tello_msgs__rosidl_typesupport_introspection_cExport.cmake
[6.061s] -- Installing: /home/eero/tello_ros_ws/install/tello_msgs/share/tello_msgs/cmake/tello_msgs__rosidl_typesupport_introspection_cExport-noconfig.cmake
[6.061s] -- Installing: /home/eero/tello_ros_ws/install/tello_msgs/share/tello_msgs/cmake/tello_msgs__rosidl_typesupport_cExport.cmake
[6.061s] -- Installing: /home/eero/tello_ros_ws/install/tello_msgs/share/tello_msgs/cmake/tello_msgs__rosidl_typesupport_cExport-noconfig.cmake
[6.061s] -- Installing: /home/eero/tello_ros_ws/install/tello_msgs/share/tello_msgs/cmake/tello_msgs__rosidl_generator_cppExport.cmake
[6.061s] -- Installing: /home/eero/tello_ros_ws/install/tello_msgs/share/tello_msgs/cmake/tello_msgs__rosidl_typesupport_introspection_cppExport.cmake
[6.062s] -- Installing: /home/eero/tello_ros_ws/install/tello_msgs/share/tello_msgs/cmake/tello_msgs__rosidl_typesupport_introspection_cppExport-noconfig.cmake
[6.062s] -- Installing: /home/eero/tello_ros_ws/install/tello_msgs/share/tello_msgs/cmake/tello_msgs__rosidl_typesupport_cppExport.cmake
[6.062s] -- Installing: /home/eero/tello_ros_ws/install/tello_msgs/share/tello_msgs/cmake/tello_msgs__rosidl_typesupport_cppExport-noconfig.cmake
[6.062s] -- Installing: /home/eero/tello_ros_ws/install/tello_msgs/share/tello_msgs/cmake/rosidl_cmake-extras.cmake
[6.062s] -- Installing: /home/eero/tello_ros_ws/install/tello_msgs/share/tello_msgs/cmake/ament_cmake_export_dependencies-extras.cmake
[6.063s] -- Installing: /home/eero/tello_ros_ws/install/tello_msgs/share/tello_msgs/cmake/ament_cmake_export_libraries-extras.cmake
[6.064s] -- Installing: /home/eero/tello_ros_ws/install/tello_msgs/share/tello_msgs/cmake/ament_cmake_export_targets-extras.cmake
[6.064s] -- Installing: /home/eero/tello_ros_ws/install/tello_msgs/share/tello_msgs/cmake/ament_cmake_export_include_directories-extras.cmake
[6.064s] -- Installing: /home/eero/tello_ros_ws/install/tello_msgs/share/tello_msgs/cmake/rosidl_cmake_export_typesupport_libraries-extras.cmake
[6.064s] -- Installing: /home/eero/tello_ros_ws/install/tello_msgs/share/tello_msgs/cmake/rosidl_cmake_export_typesupport_targets-extras.cmake
[6.064s] -- Installing: /home/eero/tello_ros_ws/install/tello_msgs/share/tello_msgs/cmake/tello_msgsConfig.cmake
[6.064s] -- Installing: /home/eero/tello_ros_ws/install/tello_msgs/share/tello_msgs/cmake/tello_msgsConfig-version.cmake
[6.065s] -- Installing: /home/eero/tello_ros_ws/install/tello_msgs/share/tello_msgs/package.xml
[6.065s] Invoked command in '/home/eero/tello_ros_ws/build/tello_msgs' returned '0': CMAKE_PREFIX_PATH=${CMAKE_PREFIX_PATH}:/opt/ros/galactic /usr/bin/cmake --install /home/eero/tello_ros_ws/build/tello_msgs
