[0.020s] Invoking command in '/home/eero/tello_ros_ws/build/ros2_shared': CMAKE_PREFIX_PATH=${CMAKE_PREFIX_PATH}:/opt/ros/galactic /usr/bin/cmake /home/eero/tello_ros_ws/src/ros2_shared -DCMAKE_INSTALL_PREFIX=/home/eero/tello_ros_ws/install/ros2_shared
[0.145s] -- The C compiler identification is GNU 9.4.0
[0.204s] -- The CXX compiler identification is GNU 9.4.0
[0.215s] -- Check for working C compiler: /usr/bin/cc
[0.300s] -- Check for working C compiler: /usr/bin/cc -- works
[0.302s] -- Detecting C compiler ABI info
[0.378s] -- Detecting C compiler ABI info - done
[0.395s] -- Detecting C compile features
[0.396s] -- Detecting C compile features - done
[0.398s] -- Check for working CXX compiler: /usr/bin/c++
[0.477s] -- Check for working CXX compiler: /usr/bin/c++ -- works
[0.478s] -- Detecting CXX compiler ABI info
[0.563s] -- Detecting CXX compiler ABI info - done
[0.577s] -- Detecting CXX compile features
[0.577s] -- Detecting CXX compile features - done
[0.579s] -- Found ament_cmake: 1.1.6 (/opt/ros/galactic/share/ament_cmake/cmake)
[0.604s] -- Found PythonInterp: /usr/bin/python3 (found suitable version "3.8.10", minimum required is "3") 
[0.604s] -- Using PYTHON_EXECUTABLE: /usr/bin/python3
[0.690s] -- Found rclcpp: 9.2.2 (/opt/ros/galactic/share/rclcpp/cmake)
[0.740s] -- Using all available rosidl_typesupport_c: rosidl_typesupport_fastrtps_c;rosidl_typesupport_introspection_c
[0.745s] -- Found rosidl_adapter: 2.2.3 (/opt/ros/galactic/share/rosidl_adapter/cmake)
[0.880s] -- Found OpenSSL: /usr/lib/x86_64-linux-gnu/libcrypto.so (found version "1.1.1f")  
[0.909s] -- Found FastRTPS: /opt/ros/galactic/include  
[1.000s] -- Using all available rosidl_typesupport_cpp: rosidl_typesupport_fastrtps_cpp;rosidl_typesupport_introspection_cpp
[1.059s] -- Found rmw_implementation_cmake: 3.3.1 (/opt/ros/galactic/share/rmw_implementation_cmake/cmake)
[1.062s] -- Found rmw_cyclonedds_cpp: 0.22.6 (/opt/ros/galactic/share/rmw_cyclonedds_cpp/cmake)
[1.081s] -- Using RMW implementation 'rmw_cyclonedds_cpp' as default
[1.083s] -- Looking for pthread.h
[1.161s] -- Looking for pthread.h - found
[1.162s] -- Performing Test CMAKE_HAVE_LIBC_PTHREAD
[1.249s] -- Performing Test CMAKE_HAVE_LIBC_PTHREAD - Failed
[1.250s] -- Looking for pthread_create in pthreads
[1.321s] -- Looking for pthread_create in pthreads - not found
[1.323s] -- Looking for pthread_create in pthread
[1.414s] -- Looking for pthread_create in pthread - found
[1.415s] -- Found Threads: TRUE  
[1.612s] -- Configuring done
[1.613s] -- Generating done
[1.615s] -- Build files have been written to: /home/eero/tello_ros_ws/build/ros2_shared
[1.622s] Invoked command in '/home/eero/tello_ros_ws/build/ros2_shared' returned '0': CMAKE_PREFIX_PATH=${CMAKE_PREFIX_PATH}:/opt/ros/galactic /usr/bin/cmake /home/eero/tello_ros_ws/src/ros2_shared -DCMAKE_INSTALL_PREFIX=/home/eero/tello_ros_ws/install/ros2_shared
[1.625s] Invoking command in '/home/eero/tello_ros_ws/build/ros2_shared': CMAKE_PREFIX_PATH=${CMAKE_PREFIX_PATH}:/opt/ros/galactic /usr/bin/cmake --build /home/eero/tello_ros_ws/build/ros2_shared -- -j6 -l6
[1.667s] Invoked command in '/home/eero/tello_ros_ws/build/ros2_shared' returned '0': CMAKE_PREFIX_PATH=${CMAKE_PREFIX_PATH}:/opt/ros/galactic /usr/bin/cmake --build /home/eero/tello_ros_ws/build/ros2_shared -- -j6 -l6
[1.671s] Invoking command in '/home/eero/tello_ros_ws/build/ros2_shared': CMAKE_PREFIX_PATH=${CMAKE_PREFIX_PATH}:/opt/ros/galactic /usr/bin/cmake --install /home/eero/tello_ros_ws/build/ros2_shared
[1.682s] -- Install configuration: ""
[1.682s] -- Installing: /home/eero/tello_ros_ws/install/ros2_shared/include
[1.682s] -- Installing: /home/eero/tello_ros_ws/install/ros2_shared/include/ros2_shared
[1.682s] -- Installing: /home/eero/tello_ros_ws/install/ros2_shared/include/ros2_shared/context_macros.hpp
[1.683s] -- Installing: /home/eero/tello_ros_ws/install/ros2_shared/include/ros2_shared/param_macros.hpp
[1.683s] -- Installing: /home/eero/tello_ros_ws/install/ros2_shared/include/ros2_shared/string_printf.hpp
[1.683s] -- Installing: /home/eero/tello_ros_ws/install/ros2_shared/share/ament_index/resource_index/package_run_dependencies/ros2_shared
[1.683s] -- Installing: /home/eero/tello_ros_ws/install/ros2_shared/share/ament_index/resource_index/parent_prefix_path/ros2_shared
[1.683s] -- Installing: /home/eero/tello_ros_ws/install/ros2_shared/share/ros2_shared/environment/ament_prefix_path.sh
[1.683s] -- Installing: /home/eero/tello_ros_ws/install/ros2_shared/share/ros2_shared/environment/ament_prefix_path.dsv
[1.684s] -- Installing: /home/eero/tello_ros_ws/install/ros2_shared/share/ros2_shared/environment/path.sh
[1.684s] -- Installing: /home/eero/tello_ros_ws/install/ros2_shared/share/ros2_shared/environment/path.dsv
[1.684s] -- Installing: /home/eero/tello_ros_ws/install/ros2_shared/share/ros2_shared/local_setup.bash
[1.684s] -- Installing: /home/eero/tello_ros_ws/install/ros2_shared/share/ros2_shared/local_setup.sh
[1.684s] -- Installing: /home/eero/tello_ros_ws/install/ros2_shared/share/ros2_shared/local_setup.zsh
[1.685s] -- Installing: /home/eero/tello_ros_ws/install/ros2_shared/share/ros2_shared/local_setup.dsv
[1.685s] -- Installing: /home/eero/tello_ros_ws/install/ros2_shared/share/ros2_shared/package.dsv
[1.685s] -- Installing: /home/eero/tello_ros_ws/install/ros2_shared/share/ament_index/resource_index/packages/ros2_shared
[1.686s] -- Installing: /home/eero/tello_ros_ws/install/ros2_shared/share/ros2_shared/cmake/ros2_shared_targetsExport.cmake
[1.686s] -- Installing: /home/eero/tello_ros_ws/install/ros2_shared/share/ros2_shared/cmake/ament_cmake_export_targets-extras.cmake
[1.686s] -- Installing: /home/eero/tello_ros_ws/install/ros2_shared/share/ros2_shared/cmake/ament_cmake_export_dependencies-extras.cmake
[1.686s] -- Installing: /home/eero/tello_ros_ws/install/ros2_shared/share/ros2_shared/cmake/ros2_sharedConfig.cmake
[1.686s] -- Installing: /home/eero/tello_ros_ws/install/ros2_shared/share/ros2_shared/cmake/ros2_sharedConfig-version.cmake
[1.686s] -- Installing: /home/eero/tello_ros_ws/install/ros2_shared/share/ros2_shared/package.xml
[1.690s] Invoked command in '/home/eero/tello_ros_ws/build/ros2_shared' returned '0': CMAKE_PREFIX_PATH=${CMAKE_PREFIX_PATH}:/opt/ros/galactic /usr/bin/cmake --install /home/eero/tello_ros_ws/build/ros2_shared
