[0.158s] DEBUG:colcon:Command line arguments: ['/usr/bin/colcon', 'build', '--event-handlers', 'console_direct+']
[0.158s] DEBUG:colcon:Parsed command line arguments: Namespace(allow_overriding=[], ament_cmake_args=None, base_paths=['.'], build_base='build', catkin_cmake_args=None, catkin_skip_building_tests=False, cmake_args=None, cmake_clean_cache=False, cmake_clean_first=False, cmake_force_configure=False, cmake_target=None, cmake_target_skip_unavailable=False, continue_on_error=False, event_handlers=['console_direct+'], executor='parallel', ignore_user_meta=False, install_base='install', log_base=None, log_level=None, main=<bound method BuildVerb.main of <colcon_core.verb.build.BuildVerb object at 0x7fb373079730>>, merge_install=False, metas=['./colcon.meta'], mixin=None, mixin_files=None, mixin_verb=('build',), packages_above=None, packages_above_and_dependencies=None, packages_above_depth=None, packages_end=None, packages_ignore=None, packages_ignore_regex=None, packages_select=None, packages_select_build_failed=False, packages_select_by_dep=None, packages_select_regex=None, packages_select_test_failures=False, packages_skip=None, packages_skip_build_finished=False, packages_skip_by_dep=None, packages_skip_regex=None, packages_skip_test_passed=False, packages_skip_up_to=None, packages_start=None, packages_up_to=None, packages_up_to_regex=None, parallel_workers=6, paths=None, symlink_install=False, test_result_base=None, verb_extension=<colcon_core.verb.build.BuildVerb object at 0x7fb373079730>, verb_name='build', verb_parser=<colcon_mixin.mixin.mixin_argument.MixinArgumentDecorator object at 0x7fb372fb9dc0>)
[0.279s] Level 1:colcon.colcon_core.package_discovery:discover_packages(colcon_meta) check parameters
[0.279s] Level 1:colcon.colcon_core.package_discovery:discover_packages(recursive) check parameters
[0.279s] Level 1:colcon.colcon_core.package_discovery:discover_packages(ignore) check parameters
[0.279s] Level 1:colcon.colcon_core.package_discovery:discover_packages(path) check parameters
[0.279s] Level 1:colcon.colcon_core.package_discovery:discover_packages(colcon_meta) discover
[0.279s] Level 1:colcon.colcon_core.package_discovery:discover_packages(recursive) discover
[0.279s] INFO:colcon.colcon_core.package_discovery:Crawling recursively for packages in '/home/eero/tello_ros_ws'
[0.279s] Level 1:colcon.colcon_core.package_identification:_identify(.) by extensions ['ignore', 'ignore_ament_install']
[0.279s] Level 1:colcon.colcon_core.package_identification:_identify(.) by extension 'ignore'
[0.279s] Level 1:colcon.colcon_core.package_identification:_identify(.) by extension 'ignore_ament_install'
[0.279s] Level 1:colcon.colcon_core.package_identification:_identify(.) by extensions ['colcon_pkg']
[0.279s] Level 1:colcon.colcon_core.package_identification:_identify(.) by extension 'colcon_pkg'
[0.279s] Level 1:colcon.colcon_core.package_identification:_identify(.) by extensions ['colcon_meta']
[0.279s] Level 1:colcon.colcon_core.package_identification:_identify(.) by extension 'colcon_meta'
[0.279s] Level 1:colcon.colcon_core.package_identification:_identify(.) by extensions ['ros']
[0.279s] Level 1:colcon.colcon_core.package_identification:_identify(.) by extension 'ros'
[0.288s] Level 1:colcon.colcon_core.package_identification:_identify(.) by extensions ['cmake', 'python']
[0.288s] Level 1:colcon.colcon_core.package_identification:_identify(.) by extension 'cmake'
[0.288s] Level 1:colcon.colcon_core.package_identification:_identify(.) by extension 'python'
[0.288s] Level 1:colcon.colcon_core.package_identification:_identify(.) by extensions ['python_setup_py']
[0.288s] Level 1:colcon.colcon_core.package_identification:_identify(.) by extension 'python_setup_py'
[0.288s] Level 1:colcon.colcon_core.package_identification:_identify(build) by extensions ['ignore', 'ignore_ament_install']
[0.289s] Level 1:colcon.colcon_core.package_identification:_identify(build) by extension 'ignore'
[0.289s] Level 1:colcon.colcon_core.package_identification:_identify(build) ignored
[0.289s] Level 1:colcon.colcon_core.package_identification:_identify(install) by extensions ['ignore', 'ignore_ament_install']
[0.289s] Level 1:colcon.colcon_core.package_identification:_identify(install) by extension 'ignore'
[0.289s] Level 1:colcon.colcon_core.package_identification:_identify(install) ignored
[0.289s] Level 1:colcon.colcon_core.package_identification:_identify(log) by extensions ['ignore', 'ignore_ament_install']
[0.289s] Level 1:colcon.colcon_core.package_identification:_identify(log) by extension 'ignore'
[0.289s] Level 1:colcon.colcon_core.package_identification:_identify(log) ignored
[0.289s] Level 1:colcon.colcon_core.package_identification:_identify(src) by extensions ['ignore', 'ignore_ament_install']
[0.289s] Level 1:colcon.colcon_core.package_identification:_identify(src) by extension 'ignore'
[0.289s] Level 1:colcon.colcon_core.package_identification:_identify(src) by extension 'ignore_ament_install'
[0.289s] Level 1:colcon.colcon_core.package_identification:_identify(src) by extensions ['colcon_pkg']
[0.289s] Level 1:colcon.colcon_core.package_identification:_identify(src) by extension 'colcon_pkg'
[0.289s] Level 1:colcon.colcon_core.package_identification:_identify(src) by extensions ['colcon_meta']
[0.289s] Level 1:colcon.colcon_core.package_identification:_identify(src) by extension 'colcon_meta'
[0.289s] Level 1:colcon.colcon_core.package_identification:_identify(src) by extensions ['ros']
[0.289s] Level 1:colcon.colcon_core.package_identification:_identify(src) by extension 'ros'
[0.289s] Level 1:colcon.colcon_core.package_identification:_identify(src) by extensions ['cmake', 'python']
[0.289s] Level 1:colcon.colcon_core.package_identification:_identify(src) by extension 'cmake'
[0.289s] Level 1:colcon.colcon_core.package_identification:_identify(src) by extension 'python'
[0.289s] Level 1:colcon.colcon_core.package_identification:_identify(src) by extensions ['python_setup_py']
[0.289s] Level 1:colcon.colcon_core.package_identification:_identify(src) by extension 'python_setup_py'
[0.290s] Level 1:colcon.colcon_core.package_identification:_identify(src/ros2_shared) by extensions ['ignore', 'ignore_ament_install']
[0.290s] Level 1:colcon.colcon_core.package_identification:_identify(src/ros2_shared) by extension 'ignore'
[0.290s] Level 1:colcon.colcon_core.package_identification:_identify(src/ros2_shared) by extension 'ignore_ament_install'
[0.290s] Level 1:colcon.colcon_core.package_identification:_identify(src/ros2_shared) by extensions ['colcon_pkg']
[0.290s] Level 1:colcon.colcon_core.package_identification:_identify(src/ros2_shared) by extension 'colcon_pkg'
[0.290s] Level 1:colcon.colcon_core.package_identification:_identify(src/ros2_shared) by extensions ['colcon_meta']
[0.290s] Level 1:colcon.colcon_core.package_identification:_identify(src/ros2_shared) by extension 'colcon_meta'
[0.290s] Level 1:colcon.colcon_core.package_identification:_identify(src/ros2_shared) by extensions ['ros']
[0.290s] Level 1:colcon.colcon_core.package_identification:_identify(src/ros2_shared) by extension 'ros'
[0.292s] DEBUG:colcon.colcon_core.package_identification:Package 'src/ros2_shared' with type 'ros.ament_cmake' and name 'ros2_shared'
[0.292s] Level 1:colcon.colcon_core.package_identification:_identify(src/tello_ros) by extensions ['ignore', 'ignore_ament_install']
[0.292s] Level 1:colcon.colcon_core.package_identification:_identify(src/tello_ros) by extension 'ignore'
[0.292s] Level 1:colcon.colcon_core.package_identification:_identify(src/tello_ros) by extension 'ignore_ament_install'
[0.292s] Level 1:colcon.colcon_core.package_identification:_identify(src/tello_ros) by extensions ['colcon_pkg']
[0.292s] Level 1:colcon.colcon_core.package_identification:_identify(src/tello_ros) by extension 'colcon_pkg'
[0.292s] Level 1:colcon.colcon_core.package_identification:_identify(src/tello_ros) by extensions ['colcon_meta']
[0.292s] Level 1:colcon.colcon_core.package_identification:_identify(src/tello_ros) by extension 'colcon_meta'
[0.292s] Level 1:colcon.colcon_core.package_identification:_identify(src/tello_ros) by extensions ['ros']
[0.292s] Level 1:colcon.colcon_core.package_identification:_identify(src/tello_ros) by extension 'ros'
[0.292s] Level 1:colcon.colcon_core.package_identification:_identify(src/tello_ros) by extensions ['cmake', 'python']
[0.292s] Level 1:colcon.colcon_core.package_identification:_identify(src/tello_ros) by extension 'cmake'
[0.292s] Level 1:colcon.colcon_core.package_identification:_identify(src/tello_ros) by extension 'python'
[0.292s] Level 1:colcon.colcon_core.package_identification:_identify(src/tello_ros) by extensions ['python_setup_py']
[0.292s] Level 1:colcon.colcon_core.package_identification:_identify(src/tello_ros) by extension 'python_setup_py'
[0.292s] Level 1:colcon.colcon_core.package_identification:_identify(src/tello_ros/tello_description) by extensions ['ignore', 'ignore_ament_install']
[0.293s] Level 1:colcon.colcon_core.package_identification:_identify(src/tello_ros/tello_description) by extension 'ignore'
[0.293s] Level 1:colcon.colcon_core.package_identification:_identify(src/tello_ros/tello_description) by extension 'ignore_ament_install'
[0.293s] Level 1:colcon.colcon_core.package_identification:_identify(src/tello_ros/tello_description) by extensions ['colcon_pkg']
[0.293s] Level 1:colcon.colcon_core.package_identification:_identify(src/tello_ros/tello_description) by extension 'colcon_pkg'
[0.293s] Level 1:colcon.colcon_core.package_identification:_identify(src/tello_ros/tello_description) by extensions ['colcon_meta']
[0.293s] Level 1:colcon.colcon_core.package_identification:_identify(src/tello_ros/tello_description) by extension 'colcon_meta'
[0.293s] Level 1:colcon.colcon_core.package_identification:_identify(src/tello_ros/tello_description) by extensions ['ros']
[0.293s] Level 1:colcon.colcon_core.package_identification:_identify(src/tello_ros/tello_description) by extension 'ros'
[0.293s] DEBUG:colcon.colcon_core.package_identification:Package 'src/tello_ros/tello_description' with type 'ros.ament_cmake' and name 'tello_description'
[0.293s] Level 1:colcon.colcon_core.package_identification:_identify(src/tello_ros/tello_driver) by extensions ['ignore', 'ignore_ament_install']
[0.293s] Level 1:colcon.colcon_core.package_identification:_identify(src/tello_ros/tello_driver) by extension 'ignore'
[0.293s] Level 1:colcon.colcon_core.package_identification:_identify(src/tello_ros/tello_driver) by extension 'ignore_ament_install'
[0.294s] Level 1:colcon.colcon_core.package_identification:_identify(src/tello_ros/tello_driver) by extensions ['colcon_pkg']
[0.294s] Level 1:colcon.colcon_core.package_identification:_identify(src/tello_ros/tello_driver) by extension 'colcon_pkg'
[0.294s] Level 1:colcon.colcon_core.package_identification:_identify(src/tello_ros/tello_driver) by extensions ['colcon_meta']
[0.294s] Level 1:colcon.colcon_core.package_identification:_identify(src/tello_ros/tello_driver) by extension 'colcon_meta'
[0.294s] Level 1:colcon.colcon_core.package_identification:_identify(src/tello_ros/tello_driver) by extensions ['ros']
[0.294s] Level 1:colcon.colcon_core.package_identification:_identify(src/tello_ros/tello_driver) by extension 'ros'
[0.295s] DEBUG:colcon.colcon_core.package_identification:Package 'src/tello_ros/tello_driver' with type 'ros.ament_cmake' and name 'tello_driver'
[0.295s] Level 1:colcon.colcon_core.package_identification:_identify(src/tello_ros/tello_gazebo) by extensions ['ignore', 'ignore_ament_install']
[0.295s] Level 1:colcon.colcon_core.package_identification:_identify(src/tello_ros/tello_gazebo) by extension 'ignore'
[0.295s] Level 1:colcon.colcon_core.package_identification:_identify(src/tello_ros/tello_gazebo) by extension 'ignore_ament_install'
[0.295s] Level 1:colcon.colcon_core.package_identification:_identify(src/tello_ros/tello_gazebo) by extensions ['colcon_pkg']
[0.295s] Level 1:colcon.colcon_core.package_identification:_identify(src/tello_ros/tello_gazebo) by extension 'colcon_pkg'
[0.295s] Level 1:colcon.colcon_core.package_identification:_identify(src/tello_ros/tello_gazebo) by extensions ['colcon_meta']
[0.295s] Level 1:colcon.colcon_core.package_identification:_identify(src/tello_ros/tello_gazebo) by extension 'colcon_meta'
[0.295s] Level 1:colcon.colcon_core.package_identification:_identify(src/tello_ros/tello_gazebo) by extensions ['ros']
[0.295s] Level 1:colcon.colcon_core.package_identification:_identify(src/tello_ros/tello_gazebo) by extension 'ros'
[0.296s] DEBUG:colcon.colcon_core.package_identification:Package 'src/tello_ros/tello_gazebo' with type 'ros.ament_cmake' and name 'tello_gazebo'
[0.296s] Level 1:colcon.colcon_core.package_identification:_identify(src/tello_ros/tello_msgs) by extensions ['ignore', 'ignore_ament_install']
[0.296s] Level 1:colcon.colcon_core.package_identification:_identify(src/tello_ros/tello_msgs) by extension 'ignore'
[0.296s] Level 1:colcon.colcon_core.package_identification:_identify(src/tello_ros/tello_msgs) by extension 'ignore_ament_install'
[0.296s] Level 1:colcon.colcon_core.package_identification:_identify(src/tello_ros/tello_msgs) by extensions ['colcon_pkg']
[0.296s] Level 1:colcon.colcon_core.package_identification:_identify(src/tello_ros/tello_msgs) by extension 'colcon_pkg'
[0.296s] Level 1:colcon.colcon_core.package_identification:_identify(src/tello_ros/tello_msgs) by extensions ['colcon_meta']
[0.296s] Level 1:colcon.colcon_core.package_identification:_identify(src/tello_ros/tello_msgs) by extension 'colcon_meta'
[0.296s] Level 1:colcon.colcon_core.package_identification:_identify(src/tello_ros/tello_msgs) by extensions ['ros']
[0.296s] Level 1:colcon.colcon_core.package_identification:_identify(src/tello_ros/tello_msgs) by extension 'ros'
[0.297s] DEBUG:colcon.colcon_core.package_identification:Package 'src/tello_ros/tello_msgs' with type 'ros.ament_cmake' and name 'tello_msgs'
[0.297s] Level 1:colcon.colcon_core.package_discovery:discover_packages(recursive) using defaults
[0.297s] Level 1:colcon.colcon_core.package_discovery:discover_packages(ignore) discover
[0.297s] Level 1:colcon.colcon_core.package_discovery:discover_packages(ignore) using defaults
[0.297s] Level 1:colcon.colcon_core.package_discovery:discover_packages(path) discover
[0.297s] Level 1:colcon.colcon_core.package_discovery:discover_packages(path) using defaults
[0.321s] Level 1:colcon.colcon_core.package_discovery:discover_packages(prefix_path) check parameters
[0.321s] Level 1:colcon.colcon_core.package_discovery:discover_packages(prefix_path) discover
[0.323s] DEBUG:colcon.colcon_installed_package_information.package_discovery:Found 5 installed packages in /home/eero/drone_racing_ros2_ws/install
[0.324s] DEBUG:colcon.colcon_installed_package_information.package_discovery:Found 275 installed packages in /opt/ros/galactic
[0.325s] Level 1:colcon.colcon_core.package_discovery:discover_packages(prefix_path) using defaults
[0.373s] Level 5:colcon.colcon_core.verb:set package 'ros2_shared' build argument 'cmake_args' from command line to 'None'
[0.373s] Level 5:colcon.colcon_core.verb:set package 'ros2_shared' build argument 'cmake_target' from command line to 'None'
[0.373s] Level 5:colcon.colcon_core.verb:set package 'ros2_shared' build argument 'cmake_target_skip_unavailable' from command line to 'False'
[0.373s] Level 5:colcon.colcon_core.verb:set package 'ros2_shared' build argument 'cmake_clean_cache' from command line to 'False'
[0.373s] Level 5:colcon.colcon_core.verb:set package 'ros2_shared' build argument 'cmake_clean_first' from command line to 'False'
[0.373s] Level 5:colcon.colcon_core.verb:set package 'ros2_shared' build argument 'cmake_force_configure' from command line to 'False'
[0.373s] Level 5:colcon.colcon_core.verb:set package 'ros2_shared' build argument 'ament_cmake_args' from command line to 'None'
[0.373s] Level 5:colcon.colcon_core.verb:set package 'ros2_shared' build argument 'catkin_cmake_args' from command line to 'None'
[0.373s] Level 5:colcon.colcon_core.verb:set package 'ros2_shared' build argument 'catkin_skip_building_tests' from command line to 'False'
[0.373s] DEBUG:colcon.colcon_core.verb:Building package 'ros2_shared' with the following arguments: {'ament_cmake_args': None, 'build_base': '/home/eero/tello_ros_ws/build/ros2_shared', 'catkin_cmake_args': None, 'catkin_skip_building_tests': False, 'cmake_args': None, 'cmake_clean_cache': False, 'cmake_clean_first': False, 'cmake_force_configure': False, 'cmake_target': None, 'cmake_target_skip_unavailable': False, 'install_base': '/home/eero/tello_ros_ws/install/ros2_shared', 'merge_install': False, 'path': '/home/eero/tello_ros_ws/src/ros2_shared', 'symlink_install': False, 'test_result_base': None}
[0.373s] Level 5:colcon.colcon_core.verb:set package 'tello_description' build argument 'cmake_args' from command line to 'None'
[0.373s] Level 5:colcon.colcon_core.verb:set package 'tello_description' build argument 'cmake_target' from command line to 'None'
[0.373s] Level 5:colcon.colcon_core.verb:set package 'tello_description' build argument 'cmake_target_skip_unavailable' from command line to 'False'
[0.373s] Level 5:colcon.colcon_core.verb:set package 'tello_description' build argument 'cmake_clean_cache' from command line to 'False'
[0.373s] Level 5:colcon.colcon_core.verb:set package 'tello_description' build argument 'cmake_clean_first' from command line to 'False'
[0.373s] Level 5:colcon.colcon_core.verb:set package 'tello_description' build argument 'cmake_force_configure' from command line to 'False'
[0.373s] Level 5:colcon.colcon_core.verb:set package 'tello_description' build argument 'ament_cmake_args' from command line to 'None'
[0.373s] Level 5:colcon.colcon_core.verb:set package 'tello_description' build argument 'catkin_cmake_args' from command line to 'None'
[0.373s] Level 5:colcon.colcon_core.verb:set package 'tello_description' build argument 'catkin_skip_building_tests' from command line to 'False'
[0.373s] DEBUG:colcon.colcon_core.verb:Building package 'tello_description' with the following arguments: {'ament_cmake_args': None, 'build_base': '/home/eero/tello_ros_ws/build/tello_description', 'catkin_cmake_args': None, 'catkin_skip_building_tests': False, 'cmake_args': None, 'cmake_clean_cache': False, 'cmake_clean_first': False, 'cmake_force_configure': False, 'cmake_target': None, 'cmake_target_skip_unavailable': False, 'install_base': '/home/eero/tello_ros_ws/install/tello_description', 'merge_install': False, 'path': '/home/eero/tello_ros_ws/src/tello_ros/tello_description', 'symlink_install': False, 'test_result_base': None}
[0.374s] Level 5:colcon.colcon_core.verb:set package 'tello_msgs' build argument 'cmake_args' from command line to 'None'
[0.374s] Level 5:colcon.colcon_core.verb:set package 'tello_msgs' build argument 'cmake_target' from command line to 'None'
[0.374s] Level 5:colcon.colcon_core.verb:set package 'tello_msgs' build argument 'cmake_target_skip_unavailable' from command line to 'False'
[0.374s] Level 5:colcon.colcon_core.verb:set package 'tello_msgs' build argument 'cmake_clean_cache' from command line to 'False'
[0.374s] Level 5:colcon.colcon_core.verb:set package 'tello_msgs' build argument 'cmake_clean_first' from command line to 'False'
[0.374s] Level 5:colcon.colcon_core.verb:set package 'tello_msgs' build argument 'cmake_force_configure' from command line to 'False'
[0.374s] Level 5:colcon.colcon_core.verb:set package 'tello_msgs' build argument 'ament_cmake_args' from command line to 'None'
[0.374s] Level 5:colcon.colcon_core.verb:set package 'tello_msgs' build argument 'catkin_cmake_args' from command line to 'None'
[0.374s] Level 5:colcon.colcon_core.verb:set package 'tello_msgs' build argument 'catkin_skip_building_tests' from command line to 'False'
[0.374s] DEBUG:colcon.colcon_core.verb:Building package 'tello_msgs' with the following arguments: {'ament_cmake_args': None, 'build_base': '/home/eero/tello_ros_ws/build/tello_msgs', 'catkin_cmake_args': None, 'catkin_skip_building_tests': False, 'cmake_args': None, 'cmake_clean_cache': False, 'cmake_clean_first': False, 'cmake_force_configure': False, 'cmake_target': None, 'cmake_target_skip_unavailable': False, 'install_base': '/home/eero/tello_ros_ws/install/tello_msgs', 'merge_install': False, 'path': '/home/eero/tello_ros_ws/src/tello_ros/tello_msgs', 'symlink_install': False, 'test_result_base': None}
[0.374s] Level 5:colcon.colcon_core.verb:set package 'tello_driver' build argument 'cmake_args' from command line to 'None'
[0.374s] Level 5:colcon.colcon_core.verb:set package 'tello_driver' build argument 'cmake_target' from command line to 'None'
[0.374s] Level 5:colcon.colcon_core.verb:set package 'tello_driver' build argument 'cmake_target_skip_unavailable' from command line to 'False'
[0.374s] Level 5:colcon.colcon_core.verb:set package 'tello_driver' build argument 'cmake_clean_cache' from command line to 'False'
[0.374s] Level 5:colcon.colcon_core.verb:set package 'tello_driver' build argument 'cmake_clean_first' from command line to 'False'
[0.374s] Level 5:colcon.colcon_core.verb:set package 'tello_driver' build argument 'cmake_force_configure' from command line to 'False'
[0.374s] Level 5:colcon.colcon_core.verb:set package 'tello_driver' build argument 'ament_cmake_args' from command line to 'None'
[0.374s] Level 5:colcon.colcon_core.verb:set package 'tello_driver' build argument 'catkin_cmake_args' from command line to 'None'
[0.374s] Level 5:colcon.colcon_core.verb:set package 'tello_driver' build argument 'catkin_skip_building_tests' from command line to 'False'
[0.374s] DEBUG:colcon.colcon_core.verb:Building package 'tello_driver' with the following arguments: {'ament_cmake_args': None, 'build_base': '/home/eero/tello_ros_ws/build/tello_driver', 'catkin_cmake_args': None, 'catkin_skip_building_tests': False, 'cmake_args': None, 'cmake_clean_cache': False, 'cmake_clean_first': False, 'cmake_force_configure': False, 'cmake_target': None, 'cmake_target_skip_unavailable': False, 'install_base': '/home/eero/tello_ros_ws/install/tello_driver', 'merge_install': False, 'path': '/home/eero/tello_ros_ws/src/tello_ros/tello_driver', 'symlink_install': False, 'test_result_base': None}
[0.375s] Level 5:colcon.colcon_core.verb:set package 'tello_gazebo' build argument 'cmake_args' from command line to 'None'
[0.375s] Level 5:colcon.colcon_core.verb:set package 'tello_gazebo' build argument 'cmake_target' from command line to 'None'
[0.375s] Level 5:colcon.colcon_core.verb:set package 'tello_gazebo' build argument 'cmake_target_skip_unavailable' from command line to 'False'
[0.375s] Level 5:colcon.colcon_core.verb:set package 'tello_gazebo' build argument 'cmake_clean_cache' from command line to 'False'
[0.375s] Level 5:colcon.colcon_core.verb:set package 'tello_gazebo' build argument 'cmake_clean_first' from command line to 'False'
[0.375s] Level 5:colcon.colcon_core.verb:set package 'tello_gazebo' build argument 'cmake_force_configure' from command line to 'False'
[0.375s] Level 5:colcon.colcon_core.verb:set package 'tello_gazebo' build argument 'ament_cmake_args' from command line to 'None'
[0.375s] Level 5:colcon.colcon_core.verb:set package 'tello_gazebo' build argument 'catkin_cmake_args' from command line to 'None'
[0.375s] Level 5:colcon.colcon_core.verb:set package 'tello_gazebo' build argument 'catkin_skip_building_tests' from command line to 'False'
[0.375s] DEBUG:colcon.colcon_core.verb:Building package 'tello_gazebo' with the following arguments: {'ament_cmake_args': None, 'build_base': '/home/eero/tello_ros_ws/build/tello_gazebo', 'catkin_cmake_args': None, 'catkin_skip_building_tests': False, 'cmake_args': None, 'cmake_clean_cache': False, 'cmake_clean_first': False, 'cmake_force_configure': False, 'cmake_target': None, 'cmake_target_skip_unavailable': False, 'install_base': '/home/eero/tello_ros_ws/install/tello_gazebo', 'merge_install': False, 'path': '/home/eero/tello_ros_ws/src/tello_ros/tello_gazebo', 'symlink_install': False, 'test_result_base': None}
[0.375s] INFO:colcon.colcon_core.executor:Executing jobs using 'parallel' executor
[0.376s] DEBUG:colcon.colcon_parallel_executor.executor.parallel:run_until_complete
[0.376s] INFO:colcon.colcon_ros.task.ament_cmake.build:Building ROS package in '/home/eero/tello_ros_ws/src/tello_ros/tello_msgs' with build type 'ament_cmake'
[0.376s] INFO:colcon.colcon_cmake.task.cmake.build:Building CMake package in '/home/eero/tello_ros_ws/src/tello_ros/tello_msgs'
[0.378s] INFO:colcon.colcon_core.plugin_system:Skipping extension 'colcon_core.shell.bat': Not used on non-Windows systems
[0.378s] INFO:colcon.colcon_core.shell:Skip shell extension 'powershell' for command environment: Not usable outside of PowerShell
[0.378s] DEBUG:colcon.colcon_core.shell:Skip shell extension 'dsv' for command environment
[0.383s] INFO:colcon.colcon_ros.task.ament_cmake.build:Building ROS package in '/home/eero/tello_ros_ws/src/ros2_shared' with build type 'ament_cmake'
[0.384s] INFO:colcon.colcon_cmake.task.cmake.build:Building CMake package in '/home/eero/tello_ros_ws/src/ros2_shared'
[0.384s] INFO:colcon.colcon_core.shell:Skip shell extension 'powershell' for command environment: Not usable outside of PowerShell
[0.384s] DEBUG:colcon.colcon_core.shell:Skip shell extension 'dsv' for command environment
[0.389s] INFO:colcon.colcon_ros.task.ament_cmake.build:Building ROS package in '/home/eero/tello_ros_ws/src/tello_ros/tello_description' with build type 'ament_cmake'
[0.390s] INFO:colcon.colcon_cmake.task.cmake.build:Building CMake package in '/home/eero/tello_ros_ws/src/tello_ros/tello_description'
[0.390s] INFO:colcon.colcon_core.shell:Skip shell extension 'powershell' for command environment: Not usable outside of PowerShell
[0.390s] DEBUG:colcon.colcon_core.shell:Skip shell extension 'dsv' for command environment
[0.400s] DEBUG:colcon.colcon_core.event_handler.log_command:Invoking command in '/home/eero/tello_ros_ws/build/tello_msgs': CMAKE_PREFIX_PATH=${CMAKE_PREFIX_PATH}:/opt/ros/galactic /usr/bin/cmake /home/eero/tello_ros_ws/src/tello_ros/tello_msgs -DCMAKE_INSTALL_PREFIX=/home/eero/tello_ros_ws/install/tello_msgs
[0.405s] DEBUG:colcon.colcon_core.event_handler.log_command:Invoking command in '/home/eero/tello_ros_ws/build/ros2_shared': CMAKE_PREFIX_PATH=${CMAKE_PREFIX_PATH}:/opt/ros/galactic /usr/bin/cmake /home/eero/tello_ros_ws/src/ros2_shared -DCMAKE_INSTALL_PREFIX=/home/eero/tello_ros_ws/install/ros2_shared
[0.417s] DEBUG:colcon.colcon_core.event_handler.log_command:Invoking command in '/home/eero/tello_ros_ws/build/tello_description': CMAKE_PREFIX_PATH=${CMAKE_PREFIX_PATH}:/opt/ros/galactic /usr/bin/cmake /home/eero/tello_ros_ws/src/tello_ros/tello_description -DCMAKE_INSTALL_PREFIX=/home/eero/tello_ros_ws/install/tello_description
[1.141s] DEBUG:colcon.colcon_core.event_handler.log_command:Invoked command in '/home/eero/tello_ros_ws/build/tello_description' returned '0': CMAKE_PREFIX_PATH=${CMAKE_PREFIX_PATH}:/opt/ros/galactic /usr/bin/cmake /home/eero/tello_ros_ws/src/tello_ros/tello_description -DCMAKE_INSTALL_PREFIX=/home/eero/tello_ros_ws/install/tello_description
[1.146s] DEBUG:colcon.colcon_core.event_handler.log_command:Invoking command in '/home/eero/tello_ros_ws/build/tello_description': CMAKE_PREFIX_PATH=${CMAKE_PREFIX_PATH}:/opt/ros/galactic /usr/bin/cmake --build /home/eero/tello_ros_ws/build/tello_description -- -j6 -l6
[1.332s] DEBUG:colcon.colcon_core.event_handler.log_command:Invoked command in '/home/eero/tello_ros_ws/build/tello_description' returned '0': CMAKE_PREFIX_PATH=${CMAKE_PREFIX_PATH}:/opt/ros/galactic /usr/bin/cmake --build /home/eero/tello_ros_ws/build/tello_description -- -j6 -l6
[1.349s] DEBUG:colcon.colcon_core.event_handler.log_command:Invoking command in '/home/eero/tello_ros_ws/build/tello_description': CMAKE_PREFIX_PATH=${CMAKE_PREFIX_PATH}:/opt/ros/galactic /usr/bin/cmake --install /home/eero/tello_ros_ws/build/tello_description
[1.363s] Level 1:colcon.colcon_core.environment:create_environment_scripts_only(tello_description)
[1.367s] Level 1:colcon.colcon_core.environment:checking '/home/eero/tello_ros_ws/install/tello_description' for CMake module files
[1.368s] Level 1:colcon.colcon_core.environment:checking '/home/eero/tello_ros_ws/install/tello_description' for CMake config files
[1.369s] DEBUG:colcon.colcon_core.event_handler.log_command:Invoked command in '/home/eero/tello_ros_ws/build/tello_description' returned '0': CMAKE_PREFIX_PATH=${CMAKE_PREFIX_PATH}:/opt/ros/galactic /usr/bin/cmake --install /home/eero/tello_ros_ws/build/tello_description
[1.370s] Level 1:colcon.colcon_core.shell:create_environment_hook('tello_description', 'cmake_prefix_path')
[1.370s] INFO:colcon.colcon_core.shell:Creating environment hook '/home/eero/tello_ros_ws/install/tello_description/share/tello_description/hook/cmake_prefix_path.ps1'
[1.370s] INFO:colcon.colcon_core.shell:Creating environment descriptor '/home/eero/tello_ros_ws/install/tello_description/share/tello_description/hook/cmake_prefix_path.dsv'
[1.371s] INFO:colcon.colcon_core.shell:Creating environment hook '/home/eero/tello_ros_ws/install/tello_description/share/tello_description/hook/cmake_prefix_path.sh'
[1.371s] Level 1:colcon.colcon_core.environment:checking '/home/eero/tello_ros_ws/install/tello_description/bin'
[1.371s] Level 1:colcon.colcon_core.environment:checking '/home/eero/tello_ros_ws/install/tello_description/lib/pkgconfig/tello_description.pc'
[1.372s] Level 1:colcon.colcon_core.environment:checking '/home/eero/tello_ros_ws/install/tello_description/lib/python3.8/site-packages'
[1.372s] Level 1:colcon.colcon_core.environment:checking '/home/eero/tello_ros_ws/install/tello_description/bin'
[1.372s] INFO:colcon.colcon_core.shell:Creating package script '/home/eero/tello_ros_ws/install/tello_description/share/tello_description/package.ps1'
[1.373s] INFO:colcon.colcon_core.shell:Creating package descriptor '/home/eero/tello_ros_ws/install/tello_description/share/tello_description/package.dsv'
[1.373s] INFO:colcon.colcon_core.shell:Creating package script '/home/eero/tello_ros_ws/install/tello_description/share/tello_description/package.sh'
[1.373s] INFO:colcon.colcon_core.shell:Creating package script '/home/eero/tello_ros_ws/install/tello_description/share/tello_description/package.bash'
[1.374s] INFO:colcon.colcon_core.shell:Creating package script '/home/eero/tello_ros_ws/install/tello_description/share/tello_description/package.zsh'
[1.374s] Level 1:colcon.colcon_core.environment:create_file_with_runtime_dependencies(/home/eero/tello_ros_ws/install/tello_description/share/colcon-core/packages/tello_description)
[1.375s] Level 1:colcon.colcon_core.environment:create_environment_scripts_only(tello_description)
[1.375s] Level 1:colcon.colcon_core.environment:checking '/home/eero/tello_ros_ws/install/tello_description' for CMake module files
[1.376s] Level 1:colcon.colcon_core.environment:checking '/home/eero/tello_ros_ws/install/tello_description' for CMake config files
[1.376s] Level 1:colcon.colcon_core.shell:create_environment_hook('tello_description', 'cmake_prefix_path')
[1.376s] INFO:colcon.colcon_core.shell:Creating environment hook '/home/eero/tello_ros_ws/install/tello_description/share/tello_description/hook/cmake_prefix_path.ps1'
[1.376s] INFO:colcon.colcon_core.shell:Creating environment descriptor '/home/eero/tello_ros_ws/install/tello_description/share/tello_description/hook/cmake_prefix_path.dsv'
[1.377s] INFO:colcon.colcon_core.shell:Creating environment hook '/home/eero/tello_ros_ws/install/tello_description/share/tello_description/hook/cmake_prefix_path.sh'
[1.377s] Level 1:colcon.colcon_core.environment:checking '/home/eero/tello_ros_ws/install/tello_description/bin'
[1.377s] Level 1:colcon.colcon_core.environment:checking '/home/eero/tello_ros_ws/install/tello_description/lib/pkgconfig/tello_description.pc'
[1.377s] Level 1:colcon.colcon_core.environment:checking '/home/eero/tello_ros_ws/install/tello_description/lib/python3.8/site-packages'
[1.378s] Level 1:colcon.colcon_core.environment:checking '/home/eero/tello_ros_ws/install/tello_description/bin'
[1.378s] INFO:colcon.colcon_core.shell:Creating package script '/home/eero/tello_ros_ws/install/tello_description/share/tello_description/package.ps1'
[1.379s] INFO:colcon.colcon_core.shell:Creating package descriptor '/home/eero/tello_ros_ws/install/tello_description/share/tello_description/package.dsv'
[1.379s] INFO:colcon.colcon_core.shell:Creating package script '/home/eero/tello_ros_ws/install/tello_description/share/tello_description/package.sh'
[1.379s] INFO:colcon.colcon_core.shell:Creating package script '/home/eero/tello_ros_ws/install/tello_description/share/tello_description/package.bash'
[1.379s] INFO:colcon.colcon_core.shell:Creating package script '/home/eero/tello_ros_ws/install/tello_description/share/tello_description/package.zsh'
[1.380s] Level 1:colcon.colcon_core.environment:create_file_with_runtime_dependencies(/home/eero/tello_ros_ws/install/tello_description/share/colcon-core/packages/tello_description)
[2.006s] DEBUG:colcon.colcon_core.event_handler.log_command:Invoked command in '/home/eero/tello_ros_ws/build/ros2_shared' returned '0': CMAKE_PREFIX_PATH=${CMAKE_PREFIX_PATH}:/opt/ros/galactic /usr/bin/cmake /home/eero/tello_ros_ws/src/ros2_shared -DCMAKE_INSTALL_PREFIX=/home/eero/tello_ros_ws/install/ros2_shared
[2.010s] DEBUG:colcon.colcon_core.event_handler.log_command:Invoking command in '/home/eero/tello_ros_ws/build/ros2_shared': CMAKE_PREFIX_PATH=${CMAKE_PREFIX_PATH}:/opt/ros/galactic /usr/bin/cmake --build /home/eero/tello_ros_ws/build/ros2_shared -- -j6 -l6
[2.052s] DEBUG:colcon.colcon_core.event_handler.log_command:Invoked command in '/home/eero/tello_ros_ws/build/ros2_shared' returned '0': CMAKE_PREFIX_PATH=${CMAKE_PREFIX_PATH}:/opt/ros/galactic /usr/bin/cmake --build /home/eero/tello_ros_ws/build/ros2_shared -- -j6 -l6
[2.056s] DEBUG:colcon.colcon_core.event_handler.log_command:Invoking command in '/home/eero/tello_ros_ws/build/ros2_shared': CMAKE_PREFIX_PATH=${CMAKE_PREFIX_PATH}:/opt/ros/galactic /usr/bin/cmake --install /home/eero/tello_ros_ws/build/ros2_shared
[2.073s] Level 1:colcon.colcon_core.environment:create_environment_scripts_only(ros2_shared)
[2.074s] Level 1:colcon.colcon_core.environment:checking '/home/eero/tello_ros_ws/install/ros2_shared' for CMake module files
[2.075s] DEBUG:colcon.colcon_core.event_handler.log_command:Invoked command in '/home/eero/tello_ros_ws/build/ros2_shared' returned '0': CMAKE_PREFIX_PATH=${CMAKE_PREFIX_PATH}:/opt/ros/galactic /usr/bin/cmake --install /home/eero/tello_ros_ws/build/ros2_shared
[2.075s] Level 1:colcon.colcon_core.environment:checking '/home/eero/tello_ros_ws/install/ros2_shared' for CMake config files
[2.075s] Level 1:colcon.colcon_core.shell:create_environment_hook('ros2_shared', 'cmake_prefix_path')
[2.076s] INFO:colcon.colcon_core.shell:Creating environment hook '/home/eero/tello_ros_ws/install/ros2_shared/share/ros2_shared/hook/cmake_prefix_path.ps1'
[2.076s] INFO:colcon.colcon_core.shell:Creating environment descriptor '/home/eero/tello_ros_ws/install/ros2_shared/share/ros2_shared/hook/cmake_prefix_path.dsv'
[2.077s] INFO:colcon.colcon_core.shell:Creating environment hook '/home/eero/tello_ros_ws/install/ros2_shared/share/ros2_shared/hook/cmake_prefix_path.sh'
[2.078s] Level 1:colcon.colcon_core.environment:checking '/home/eero/tello_ros_ws/install/ros2_shared/bin'
[2.078s] Level 1:colcon.colcon_core.environment:checking '/home/eero/tello_ros_ws/install/ros2_shared/lib/pkgconfig/ros2_shared.pc'
[2.078s] Level 1:colcon.colcon_core.environment:checking '/home/eero/tello_ros_ws/install/ros2_shared/lib/python3.8/site-packages'
[2.078s] Level 1:colcon.colcon_core.environment:checking '/home/eero/tello_ros_ws/install/ros2_shared/bin'
[2.079s] INFO:colcon.colcon_core.shell:Creating package script '/home/eero/tello_ros_ws/install/ros2_shared/share/ros2_shared/package.ps1'
[2.080s] INFO:colcon.colcon_core.shell:Creating package descriptor '/home/eero/tello_ros_ws/install/ros2_shared/share/ros2_shared/package.dsv'
[2.080s] INFO:colcon.colcon_core.shell:Creating package script '/home/eero/tello_ros_ws/install/ros2_shared/share/ros2_shared/package.sh'
[2.081s] INFO:colcon.colcon_core.shell:Creating package script '/home/eero/tello_ros_ws/install/ros2_shared/share/ros2_shared/package.bash'
[2.081s] INFO:colcon.colcon_core.shell:Creating package script '/home/eero/tello_ros_ws/install/ros2_shared/share/ros2_shared/package.zsh'
[2.082s] Level 1:colcon.colcon_core.environment:create_file_with_runtime_dependencies(/home/eero/tello_ros_ws/install/ros2_shared/share/colcon-core/packages/ros2_shared)
[2.083s] Level 1:colcon.colcon_core.environment:create_environment_scripts_only(ros2_shared)
[2.083s] Level 1:colcon.colcon_core.environment:checking '/home/eero/tello_ros_ws/install/ros2_shared' for CMake module files
[2.084s] Level 1:colcon.colcon_core.environment:checking '/home/eero/tello_ros_ws/install/ros2_shared' for CMake config files
[2.085s] Level 1:colcon.colcon_core.shell:create_environment_hook('ros2_shared', 'cmake_prefix_path')
[2.085s] INFO:colcon.colcon_core.shell:Creating environment hook '/home/eero/tello_ros_ws/install/ros2_shared/share/ros2_shared/hook/cmake_prefix_path.ps1'
[2.085s] INFO:colcon.colcon_core.shell:Creating environment descriptor '/home/eero/tello_ros_ws/install/ros2_shared/share/ros2_shared/hook/cmake_prefix_path.dsv'
[2.085s] INFO:colcon.colcon_core.shell:Creating environment hook '/home/eero/tello_ros_ws/install/ros2_shared/share/ros2_shared/hook/cmake_prefix_path.sh'
[2.086s] Level 1:colcon.colcon_core.environment:checking '/home/eero/tello_ros_ws/install/ros2_shared/bin'
[2.086s] Level 1:colcon.colcon_core.environment:checking '/home/eero/tello_ros_ws/install/ros2_shared/lib/pkgconfig/ros2_shared.pc'
[2.086s] Level 1:colcon.colcon_core.environment:checking '/home/eero/tello_ros_ws/install/ros2_shared/lib/python3.8/site-packages'
[2.086s] Level 1:colcon.colcon_core.environment:checking '/home/eero/tello_ros_ws/install/ros2_shared/bin'
[2.086s] INFO:colcon.colcon_core.shell:Creating package script '/home/eero/tello_ros_ws/install/ros2_shared/share/ros2_shared/package.ps1'
[2.087s] INFO:colcon.colcon_core.shell:Creating package descriptor '/home/eero/tello_ros_ws/install/ros2_shared/share/ros2_shared/package.dsv'
[2.087s] INFO:colcon.colcon_core.shell:Creating package script '/home/eero/tello_ros_ws/install/ros2_shared/share/ros2_shared/package.sh'
[2.087s] INFO:colcon.colcon_core.shell:Creating package script '/home/eero/tello_ros_ws/install/ros2_shared/share/ros2_shared/package.bash'
[2.088s] INFO:colcon.colcon_core.shell:Creating package script '/home/eero/tello_ros_ws/install/ros2_shared/share/ros2_shared/package.zsh'
[2.088s] Level 1:colcon.colcon_core.environment:create_file_with_runtime_dependencies(/home/eero/tello_ros_ws/install/ros2_shared/share/colcon-core/packages/ros2_shared)
[2.107s] DEBUG:colcon.colcon_core.event_handler.log_command:Invoked command in '/home/eero/tello_ros_ws/build/tello_msgs' returned '0': CMAKE_PREFIX_PATH=${CMAKE_PREFIX_PATH}:/opt/ros/galactic /usr/bin/cmake /home/eero/tello_ros_ws/src/tello_ros/tello_msgs -DCMAKE_INSTALL_PREFIX=/home/eero/tello_ros_ws/install/tello_msgs
[2.110s] DEBUG:colcon.colcon_core.event_handler.log_command:Invoking command in '/home/eero/tello_ros_ws/build/tello_msgs': CMAKE_PREFIX_PATH=${CMAKE_PREFIX_PATH}:/opt/ros/galactic /usr/bin/cmake --build /home/eero/tello_ros_ws/build/tello_msgs -- -j6 -l6
[6.364s] DEBUG:colcon.colcon_core.event_handler.log_command:Invoked command in '/home/eero/tello_ros_ws/build/tello_msgs' returned '0': CMAKE_PREFIX_PATH=${CMAKE_PREFIX_PATH}:/opt/ros/galactic /usr/bin/cmake --build /home/eero/tello_ros_ws/build/tello_msgs -- -j6 -l6
[6.369s] DEBUG:colcon.colcon_core.event_handler.log_command:Invoking command in '/home/eero/tello_ros_ws/build/tello_msgs': CMAKE_PREFIX_PATH=${CMAKE_PREFIX_PATH}:/opt/ros/galactic /usr/bin/cmake --install /home/eero/tello_ros_ws/build/tello_msgs
[6.440s] Level 1:colcon.colcon_core.environment:create_environment_scripts_only(tello_msgs)
[6.440s] Level 1:colcon.colcon_core.environment:checking '/home/eero/tello_ros_ws/install/tello_msgs' for CMake module files
[6.442s] DEBUG:colcon.colcon_core.event_handler.log_command:Invoked command in '/home/eero/tello_ros_ws/build/tello_msgs' returned '0': CMAKE_PREFIX_PATH=${CMAKE_PREFIX_PATH}:/opt/ros/galactic /usr/bin/cmake --install /home/eero/tello_ros_ws/build/tello_msgs
[6.442s] Level 1:colcon.colcon_core.environment:checking '/home/eero/tello_ros_ws/install/tello_msgs' for CMake config files
[6.443s] Level 1:colcon.colcon_core.shell:create_environment_hook('tello_msgs', 'cmake_prefix_path')
[6.443s] INFO:colcon.colcon_core.shell:Creating environment hook '/home/eero/tello_ros_ws/install/tello_msgs/share/tello_msgs/hook/cmake_prefix_path.ps1'
[6.443s] INFO:colcon.colcon_core.shell:Creating environment descriptor '/home/eero/tello_ros_ws/install/tello_msgs/share/tello_msgs/hook/cmake_prefix_path.dsv'
[6.443s] INFO:colcon.colcon_core.shell:Creating environment hook '/home/eero/tello_ros_ws/install/tello_msgs/share/tello_msgs/hook/cmake_prefix_path.sh'
[6.444s] Level 1:colcon.colcon_core.environment:checking '/home/eero/tello_ros_ws/install/tello_msgs/lib'
[6.444s] Level 1:colcon.colcon_core.shell:create_environment_hook('tello_msgs', 'ld_library_path_lib')
[6.444s] INFO:colcon.colcon_core.shell:Creating environment hook '/home/eero/tello_ros_ws/install/tello_msgs/share/tello_msgs/hook/ld_library_path_lib.ps1'
[6.445s] INFO:colcon.colcon_core.shell:Creating environment descriptor '/home/eero/tello_ros_ws/install/tello_msgs/share/tello_msgs/hook/ld_library_path_lib.dsv'
[6.445s] INFO:colcon.colcon_core.shell:Creating environment hook '/home/eero/tello_ros_ws/install/tello_msgs/share/tello_msgs/hook/ld_library_path_lib.sh'
[6.445s] Level 1:colcon.colcon_core.environment:checking '/home/eero/tello_ros_ws/install/tello_msgs/bin'
[6.445s] Level 1:colcon.colcon_core.environment:checking '/home/eero/tello_ros_ws/install/tello_msgs/lib/pkgconfig/tello_msgs.pc'
[6.445s] Level 1:colcon.colcon_core.environment:checking '/home/eero/tello_ros_ws/install/tello_msgs/lib/python3.8/site-packages'
[6.445s] Level 1:colcon.colcon_core.shell:create_environment_hook('tello_msgs', 'pythonpath')
[6.445s] INFO:colcon.colcon_core.shell:Creating environment hook '/home/eero/tello_ros_ws/install/tello_msgs/share/tello_msgs/hook/pythonpath.ps1'
[6.446s] INFO:colcon.colcon_core.shell:Creating environment descriptor '/home/eero/tello_ros_ws/install/tello_msgs/share/tello_msgs/hook/pythonpath.dsv'
[6.446s] INFO:colcon.colcon_core.shell:Creating environment hook '/home/eero/tello_ros_ws/install/tello_msgs/share/tello_msgs/hook/pythonpath.sh'
[6.446s] Level 1:colcon.colcon_core.environment:checking '/home/eero/tello_ros_ws/install/tello_msgs/bin'
[6.446s] INFO:colcon.colcon_core.shell:Creating package script '/home/eero/tello_ros_ws/install/tello_msgs/share/tello_msgs/package.ps1'
[6.447s] INFO:colcon.colcon_core.shell:Creating package descriptor '/home/eero/tello_ros_ws/install/tello_msgs/share/tello_msgs/package.dsv'
[6.447s] INFO:colcon.colcon_core.shell:Creating package script '/home/eero/tello_ros_ws/install/tello_msgs/share/tello_msgs/package.sh'
[6.447s] INFO:colcon.colcon_core.shell:Creating package script '/home/eero/tello_ros_ws/install/tello_msgs/share/tello_msgs/package.bash'
[6.448s] INFO:colcon.colcon_core.shell:Creating package script '/home/eero/tello_ros_ws/install/tello_msgs/share/tello_msgs/package.zsh'
[6.448s] Level 1:colcon.colcon_core.environment:create_file_with_runtime_dependencies(/home/eero/tello_ros_ws/install/tello_msgs/share/colcon-core/packages/tello_msgs)
[6.448s] Level 1:colcon.colcon_core.environment:create_environment_scripts_only(tello_msgs)
[6.449s] Level 1:colcon.colcon_core.environment:checking '/home/eero/tello_ros_ws/install/tello_msgs' for CMake module files
[6.449s] Level 1:colcon.colcon_core.environment:checking '/home/eero/tello_ros_ws/install/tello_msgs' for CMake config files
[6.449s] Level 1:colcon.colcon_core.shell:create_environment_hook('tello_msgs', 'cmake_prefix_path')
[6.449s] INFO:colcon.colcon_core.shell:Creating environment hook '/home/eero/tello_ros_ws/install/tello_msgs/share/tello_msgs/hook/cmake_prefix_path.ps1'
[6.450s] INFO:colcon.colcon_core.shell:Creating environment descriptor '/home/eero/tello_ros_ws/install/tello_msgs/share/tello_msgs/hook/cmake_prefix_path.dsv'
[6.450s] INFO:colcon.colcon_core.shell:Creating environment hook '/home/eero/tello_ros_ws/install/tello_msgs/share/tello_msgs/hook/cmake_prefix_path.sh'
[6.450s] Level 1:colcon.colcon_core.environment:checking '/home/eero/tello_ros_ws/install/tello_msgs/lib'
[6.450s] Level 1:colcon.colcon_core.shell:create_environment_hook('tello_msgs', 'ld_library_path_lib')
[6.451s] INFO:colcon.colcon_core.shell:Creating environment hook '/home/eero/tello_ros_ws/install/tello_msgs/share/tello_msgs/hook/ld_library_path_lib.ps1'
[6.451s] INFO:colcon.colcon_core.shell:Creating environment descriptor '/home/eero/tello_ros_ws/install/tello_msgs/share/tello_msgs/hook/ld_library_path_lib.dsv'
[6.451s] INFO:colcon.colcon_core.shell:Creating environment hook '/home/eero/tello_ros_ws/install/tello_msgs/share/tello_msgs/hook/ld_library_path_lib.sh'
[6.452s] Level 1:colcon.colcon_core.environment:checking '/home/eero/tello_ros_ws/install/tello_msgs/bin'
[6.452s] Level 1:colcon.colcon_core.environment:checking '/home/eero/tello_ros_ws/install/tello_msgs/lib/pkgconfig/tello_msgs.pc'
[6.452s] Level 1:colcon.colcon_core.environment:checking '/home/eero/tello_ros_ws/install/tello_msgs/lib/python3.8/site-packages'
[6.452s] Level 1:colcon.colcon_core.shell:create_environment_hook('tello_msgs', 'pythonpath')
[6.453s] INFO:colcon.colcon_core.shell:Creating environment hook '/home/eero/tello_ros_ws/install/tello_msgs/share/tello_msgs/hook/pythonpath.ps1'
[6.453s] INFO:colcon.colcon_core.shell:Creating environment descriptor '/home/eero/tello_ros_ws/install/tello_msgs/share/tello_msgs/hook/pythonpath.dsv'
[6.453s] INFO:colcon.colcon_core.shell:Creating environment hook '/home/eero/tello_ros_ws/install/tello_msgs/share/tello_msgs/hook/pythonpath.sh'
[6.453s] Level 1:colcon.colcon_core.environment:checking '/home/eero/tello_ros_ws/install/tello_msgs/bin'
[6.454s] INFO:colcon.colcon_core.shell:Creating package script '/home/eero/tello_ros_ws/install/tello_msgs/share/tello_msgs/package.ps1'
[6.454s] INFO:colcon.colcon_core.shell:Creating package descriptor '/home/eero/tello_ros_ws/install/tello_msgs/share/tello_msgs/package.dsv'
[6.454s] INFO:colcon.colcon_core.shell:Creating package script '/home/eero/tello_ros_ws/install/tello_msgs/share/tello_msgs/package.sh'
[6.455s] INFO:colcon.colcon_core.shell:Creating package script '/home/eero/tello_ros_ws/install/tello_msgs/share/tello_msgs/package.bash'
[6.455s] INFO:colcon.colcon_core.shell:Creating package script '/home/eero/tello_ros_ws/install/tello_msgs/share/tello_msgs/package.zsh'
[6.455s] Level 1:colcon.colcon_core.environment:create_file_with_runtime_dependencies(/home/eero/tello_ros_ws/install/tello_msgs/share/colcon-core/packages/tello_msgs)
[6.456s] INFO:colcon.colcon_ros.task.ament_cmake.build:Building ROS package in '/home/eero/tello_ros_ws/src/tello_ros/tello_driver' with build type 'ament_cmake'
[6.456s] INFO:colcon.colcon_cmake.task.cmake.build:Building CMake package in '/home/eero/tello_ros_ws/src/tello_ros/tello_driver'
[6.456s] INFO:colcon.colcon_core.shell:Skip shell extension 'powershell' for command environment: Not usable outside of PowerShell
[6.456s] DEBUG:colcon.colcon_core.shell:Skip shell extension 'dsv' for command environment
[6.462s] INFO:colcon.colcon_ros.task.ament_cmake.build:Building ROS package in '/home/eero/tello_ros_ws/src/tello_ros/tello_gazebo' with build type 'ament_cmake'
[6.462s] INFO:colcon.colcon_cmake.task.cmake.build:Building CMake package in '/home/eero/tello_ros_ws/src/tello_ros/tello_gazebo'
[6.462s] INFO:colcon.colcon_core.shell:Skip shell extension 'powershell' for command environment: Not usable outside of PowerShell
[6.462s] DEBUG:colcon.colcon_core.shell:Skip shell extension 'dsv' for command environment
[6.473s] DEBUG:colcon.colcon_core.event_handler.log_command:Invoking command in '/home/eero/tello_ros_ws/build/tello_driver': AMENT_PREFIX_PATH=/home/eero/tello_ros_ws/install/tello_msgs:/home/eero/tello_ros_ws/install/ros2_shared:${AMENT_PREFIX_PATH} CMAKE_PREFIX_PATH=/home/eero/tello_ros_ws/install/tello_msgs:/home/eero/tello_ros_ws/install/ros2_shared:/home/eero/drone_racing_ros2_ws/install/tello_gazebo:/home/eero/drone_racing_ros2_ws/install/tello_driver:/home/eero/drone_racing_ros2_ws/install/tello_msgs:/home/eero/drone_racing_ros2_ws/install/tello_description:/home/eero/drone_racing_ros2_ws/install/ros2_shared:/opt/ros/galactic LD_LIBRARY_PATH=/home/eero/tello_ros_ws/install/tello_msgs/lib:${LD_LIBRARY_PATH} PYTHONPATH=/home/eero/tello_ros_ws/install/tello_msgs/lib/python3.8/site-packages:${PYTHONPATH} /usr/bin/cmake /home/eero/tello_ros_ws/src/tello_ros/tello_driver -DCMAKE_INSTALL_PREFIX=/home/eero/tello_ros_ws/install/tello_driver
[6.481s] DEBUG:colcon.colcon_core.event_handler.log_command:Invoking command in '/home/eero/tello_ros_ws/build/tello_gazebo': AMENT_PREFIX_PATH=/home/eero/tello_ros_ws/install/tello_msgs:${AMENT_PREFIX_PATH} CMAKE_PREFIX_PATH=/home/eero/tello_ros_ws/install/tello_msgs:/home/eero/drone_racing_ros2_ws/install/tello_gazebo:/home/eero/drone_racing_ros2_ws/install/tello_driver:/home/eero/drone_racing_ros2_ws/install/tello_msgs:/home/eero/drone_racing_ros2_ws/install/tello_description:/home/eero/drone_racing_ros2_ws/install/ros2_shared:/opt/ros/galactic LD_LIBRARY_PATH=/home/eero/tello_ros_ws/install/tello_msgs/lib:${LD_LIBRARY_PATH} PYTHONPATH=/home/eero/tello_ros_ws/install/tello_msgs/lib/python3.8/site-packages:${PYTHONPATH} /usr/bin/cmake /home/eero/tello_ros_ws/src/tello_ros/tello_gazebo -DCMAKE_INSTALL_PREFIX=/home/eero/tello_ros_ws/install/tello_gazebo
[8.421s] DEBUG:colcon.colcon_core.event_handler.log_command:Invoked command in '/home/eero/tello_ros_ws/build/tello_driver' returned '0': AMENT_PREFIX_PATH=/home/eero/tello_ros_ws/install/tello_msgs:/home/eero/tello_ros_ws/install/ros2_shared:${AMENT_PREFIX_PATH} CMAKE_PREFIX_PATH=/home/eero/tello_ros_ws/install/tello_msgs:/home/eero/tello_ros_ws/install/ros2_shared:/home/eero/drone_racing_ros2_ws/install/tello_gazebo:/home/eero/drone_racing_ros2_ws/install/tello_driver:/home/eero/drone_racing_ros2_ws/install/tello_msgs:/home/eero/drone_racing_ros2_ws/install/tello_description:/home/eero/drone_racing_ros2_ws/install/ros2_shared:/opt/ros/galactic LD_LIBRARY_PATH=/home/eero/tello_ros_ws/install/tello_msgs/lib:${LD_LIBRARY_PATH} PYTHONPATH=/home/eero/tello_ros_ws/install/tello_msgs/lib/python3.8/site-packages:${PYTHONPATH} /usr/bin/cmake /home/eero/tello_ros_ws/src/tello_ros/tello_driver -DCMAKE_INSTALL_PREFIX=/home/eero/tello_ros_ws/install/tello_driver
[8.422s] DEBUG:colcon.colcon_core.event_handler.log_command:Invoking command in '/home/eero/tello_ros_ws/build/tello_driver': AMENT_PREFIX_PATH=/home/eero/tello_ros_ws/install/tello_msgs:/home/eero/tello_ros_ws/install/ros2_shared:${AMENT_PREFIX_PATH} CMAKE_PREFIX_PATH=/home/eero/tello_ros_ws/install/tello_msgs:/home/eero/tello_ros_ws/install/ros2_shared:/home/eero/drone_racing_ros2_ws/install/tello_gazebo:/home/eero/drone_racing_ros2_ws/install/tello_driver:/home/eero/drone_racing_ros2_ws/install/tello_msgs:/home/eero/drone_racing_ros2_ws/install/tello_description:/home/eero/drone_racing_ros2_ws/install/ros2_shared:/opt/ros/galactic LD_LIBRARY_PATH=/home/eero/tello_ros_ws/install/tello_msgs/lib:${LD_LIBRARY_PATH} PYTHONPATH=/home/eero/tello_ros_ws/install/tello_msgs/lib/python3.8/site-packages:${PYTHONPATH} /usr/bin/cmake --build /home/eero/tello_ros_ws/build/tello_driver -- -j6 -l6
[10.853s] DEBUG:colcon.colcon_core.event_handler.log_command:Invoked command in '/home/eero/tello_ros_ws/build/tello_gazebo' returned '0': AMENT_PREFIX_PATH=/home/eero/tello_ros_ws/install/tello_msgs:${AMENT_PREFIX_PATH} CMAKE_PREFIX_PATH=/home/eero/tello_ros_ws/install/tello_msgs:/home/eero/drone_racing_ros2_ws/install/tello_gazebo:/home/eero/drone_racing_ros2_ws/install/tello_driver:/home/eero/drone_racing_ros2_ws/install/tello_msgs:/home/eero/drone_racing_ros2_ws/install/tello_description:/home/eero/drone_racing_ros2_ws/install/ros2_shared:/opt/ros/galactic LD_LIBRARY_PATH=/home/eero/tello_ros_ws/install/tello_msgs/lib:${LD_LIBRARY_PATH} PYTHONPATH=/home/eero/tello_ros_ws/install/tello_msgs/lib/python3.8/site-packages:${PYTHONPATH} /usr/bin/cmake /home/eero/tello_ros_ws/src/tello_ros/tello_gazebo -DCMAKE_INSTALL_PREFIX=/home/eero/tello_ros_ws/install/tello_gazebo
[10.854s] DEBUG:colcon.colcon_core.event_handler.log_command:Invoking command in '/home/eero/tello_ros_ws/build/tello_gazebo': AMENT_PREFIX_PATH=/home/eero/tello_ros_ws/install/tello_msgs:${AMENT_PREFIX_PATH} CMAKE_PREFIX_PATH=/home/eero/tello_ros_ws/install/tello_msgs:/home/eero/drone_racing_ros2_ws/install/tello_gazebo:/home/eero/drone_racing_ros2_ws/install/tello_driver:/home/eero/drone_racing_ros2_ws/install/tello_msgs:/home/eero/drone_racing_ros2_ws/install/tello_description:/home/eero/drone_racing_ros2_ws/install/ros2_shared:/opt/ros/galactic LD_LIBRARY_PATH=/home/eero/tello_ros_ws/install/tello_msgs/lib:${LD_LIBRARY_PATH} PYTHONPATH=/home/eero/tello_ros_ws/install/tello_msgs/lib/python3.8/site-packages:${PYTHONPATH} /usr/bin/cmake --build /home/eero/tello_ros_ws/build/tello_gazebo -- -j6 -l6
[27.370s] DEBUG:colcon.colcon_core.event_handler.log_command:Invoked command in '/home/eero/tello_ros_ws/build/tello_driver' returned '0': AMENT_PREFIX_PATH=/home/eero/tello_ros_ws/install/tello_msgs:/home/eero/tello_ros_ws/install/ros2_shared:${AMENT_PREFIX_PATH} CMAKE_PREFIX_PATH=/home/eero/tello_ros_ws/install/tello_msgs:/home/eero/tello_ros_ws/install/ros2_shared:/home/eero/drone_racing_ros2_ws/install/tello_gazebo:/home/eero/drone_racing_ros2_ws/install/tello_driver:/home/eero/drone_racing_ros2_ws/install/tello_msgs:/home/eero/drone_racing_ros2_ws/install/tello_description:/home/eero/drone_racing_ros2_ws/install/ros2_shared:/opt/ros/galactic LD_LIBRARY_PATH=/home/eero/tello_ros_ws/install/tello_msgs/lib:${LD_LIBRARY_PATH} PYTHONPATH=/home/eero/tello_ros_ws/install/tello_msgs/lib/python3.8/site-packages:${PYTHONPATH} /usr/bin/cmake --build /home/eero/tello_ros_ws/build/tello_driver -- -j6 -l6
[27.374s] DEBUG:colcon.colcon_core.event_handler.log_command:Invoking command in '/home/eero/tello_ros_ws/build/tello_driver': AMENT_PREFIX_PATH=/home/eero/tello_ros_ws/install/tello_msgs:/home/eero/tello_ros_ws/install/ros2_shared:${AMENT_PREFIX_PATH} CMAKE_PREFIX_PATH=/home/eero/tello_ros_ws/install/tello_msgs:/home/eero/tello_ros_ws/install/ros2_shared:/home/eero/drone_racing_ros2_ws/install/tello_gazebo:/home/eero/drone_racing_ros2_ws/install/tello_driver:/home/eero/drone_racing_ros2_ws/install/tello_msgs:/home/eero/drone_racing_ros2_ws/install/tello_description:/home/eero/drone_racing_ros2_ws/install/ros2_shared:/opt/ros/galactic LD_LIBRARY_PATH=/home/eero/tello_ros_ws/install/tello_msgs/lib:${LD_LIBRARY_PATH} PYTHONPATH=/home/eero/tello_ros_ws/install/tello_msgs/lib/python3.8/site-packages:${PYTHONPATH} /usr/bin/cmake --install /home/eero/tello_ros_ws/build/tello_driver
[27.408s] Level 1:colcon.colcon_core.environment:create_environment_scripts_only(tello_driver)
[27.408s] DEBUG:colcon.colcon_core.event_handler.log_command:Invoked command in '/home/eero/tello_ros_ws/build/tello_driver' returned '0': AMENT_PREFIX_PATH=/home/eero/tello_ros_ws/install/tello_msgs:/home/eero/tello_ros_ws/install/ros2_shared:${AMENT_PREFIX_PATH} CMAKE_PREFIX_PATH=/home/eero/tello_ros_ws/install/tello_msgs:/home/eero/tello_ros_ws/install/ros2_shared:/home/eero/drone_racing_ros2_ws/install/tello_gazebo:/home/eero/drone_racing_ros2_ws/install/tello_driver:/home/eero/drone_racing_ros2_ws/install/tello_msgs:/home/eero/drone_racing_ros2_ws/install/tello_description:/home/eero/drone_racing_ros2_ws/install/ros2_shared:/opt/ros/galactic LD_LIBRARY_PATH=/home/eero/tello_ros_ws/install/tello_msgs/lib:${LD_LIBRARY_PATH} PYTHONPATH=/home/eero/tello_ros_ws/install/tello_msgs/lib/python3.8/site-packages:${PYTHONPATH} /usr/bin/cmake --install /home/eero/tello_ros_ws/build/tello_driver
[27.409s] Level 1:colcon.colcon_core.environment:checking '/home/eero/tello_ros_ws/install/tello_driver' for CMake module files
[27.409s] Level 1:colcon.colcon_core.environment:checking '/home/eero/tello_ros_ws/install/tello_driver' for CMake config files
[27.409s] Level 1:colcon.colcon_core.shell:create_environment_hook('tello_driver', 'cmake_prefix_path')
[27.410s] INFO:colcon.colcon_core.shell:Creating environment hook '/home/eero/tello_ros_ws/install/tello_driver/share/tello_driver/hook/cmake_prefix_path.ps1'
[27.410s] INFO:colcon.colcon_core.shell:Creating environment descriptor '/home/eero/tello_ros_ws/install/tello_driver/share/tello_driver/hook/cmake_prefix_path.dsv'
[27.410s] INFO:colcon.colcon_core.shell:Creating environment hook '/home/eero/tello_ros_ws/install/tello_driver/share/tello_driver/hook/cmake_prefix_path.sh'
[27.411s] Level 1:colcon.colcon_core.environment:checking '/home/eero/tello_ros_ws/install/tello_driver/lib'
[27.411s] Level 1:colcon.colcon_core.shell:create_environment_hook('tello_driver', 'ld_library_path_lib')
[27.411s] INFO:colcon.colcon_core.shell:Creating environment hook '/home/eero/tello_ros_ws/install/tello_driver/share/tello_driver/hook/ld_library_path_lib.ps1'
[27.411s] INFO:colcon.colcon_core.shell:Creating environment descriptor '/home/eero/tello_ros_ws/install/tello_driver/share/tello_driver/hook/ld_library_path_lib.dsv'
[27.411s] INFO:colcon.colcon_core.shell:Creating environment hook '/home/eero/tello_ros_ws/install/tello_driver/share/tello_driver/hook/ld_library_path_lib.sh'
[27.412s] Level 1:colcon.colcon_core.environment:checking '/home/eero/tello_ros_ws/install/tello_driver/bin'
[27.412s] Level 1:colcon.colcon_core.environment:checking '/home/eero/tello_ros_ws/install/tello_driver/lib/pkgconfig/tello_driver.pc'
[27.412s] Level 1:colcon.colcon_core.environment:checking '/home/eero/tello_ros_ws/install/tello_driver/lib/python3.8/site-packages'
[27.412s] Level 1:colcon.colcon_core.environment:checking '/home/eero/tello_ros_ws/install/tello_driver/bin'
[27.412s] INFO:colcon.colcon_core.shell:Creating package script '/home/eero/tello_ros_ws/install/tello_driver/share/tello_driver/package.ps1'
[27.413s] INFO:colcon.colcon_core.shell:Creating package descriptor '/home/eero/tello_ros_ws/install/tello_driver/share/tello_driver/package.dsv'
[27.413s] INFO:colcon.colcon_core.shell:Creating package script '/home/eero/tello_ros_ws/install/tello_driver/share/tello_driver/package.sh'
[27.413s] INFO:colcon.colcon_core.shell:Creating package script '/home/eero/tello_ros_ws/install/tello_driver/share/tello_driver/package.bash'
[27.414s] INFO:colcon.colcon_core.shell:Creating package script '/home/eero/tello_ros_ws/install/tello_driver/share/tello_driver/package.zsh'
[27.414s] Level 1:colcon.colcon_core.environment:create_file_with_runtime_dependencies(/home/eero/tello_ros_ws/install/tello_driver/share/colcon-core/packages/tello_driver)
[27.414s] Level 1:colcon.colcon_core.environment:create_environment_scripts_only(tello_driver)
[27.414s] Level 1:colcon.colcon_core.environment:checking '/home/eero/tello_ros_ws/install/tello_driver' for CMake module files
[27.415s] Level 1:colcon.colcon_core.environment:checking '/home/eero/tello_ros_ws/install/tello_driver' for CMake config files
[27.415s] Level 1:colcon.colcon_core.shell:create_environment_hook('tello_driver', 'cmake_prefix_path')
[27.415s] INFO:colcon.colcon_core.shell:Creating environment hook '/home/eero/tello_ros_ws/install/tello_driver/share/tello_driver/hook/cmake_prefix_path.ps1'
[27.416s] INFO:colcon.colcon_core.shell:Creating environment descriptor '/home/eero/tello_ros_ws/install/tello_driver/share/tello_driver/hook/cmake_prefix_path.dsv'
[27.416s] INFO:colcon.colcon_core.shell:Creating environment hook '/home/eero/tello_ros_ws/install/tello_driver/share/tello_driver/hook/cmake_prefix_path.sh'
[27.416s] Level 1:colcon.colcon_core.environment:checking '/home/eero/tello_ros_ws/install/tello_driver/lib'
[27.417s] Level 1:colcon.colcon_core.shell:create_environment_hook('tello_driver', 'ld_library_path_lib')
[27.417s] INFO:colcon.colcon_core.shell:Creating environment hook '/home/eero/tello_ros_ws/install/tello_driver/share/tello_driver/hook/ld_library_path_lib.ps1'
[27.417s] INFO:colcon.colcon_core.shell:Creating environment descriptor '/home/eero/tello_ros_ws/install/tello_driver/share/tello_driver/hook/ld_library_path_lib.dsv'
[27.417s] INFO:colcon.colcon_core.shell:Creating environment hook '/home/eero/tello_ros_ws/install/tello_driver/share/tello_driver/hook/ld_library_path_lib.sh'
[27.418s] Level 1:colcon.colcon_core.environment:checking '/home/eero/tello_ros_ws/install/tello_driver/bin'
[27.418s] Level 1:colcon.colcon_core.environment:checking '/home/eero/tello_ros_ws/install/tello_driver/lib/pkgconfig/tello_driver.pc'
[27.418s] Level 1:colcon.colcon_core.environment:checking '/home/eero/tello_ros_ws/install/tello_driver/lib/python3.8/site-packages'
[27.418s] Level 1:colcon.colcon_core.environment:checking '/home/eero/tello_ros_ws/install/tello_driver/bin'
[27.419s] INFO:colcon.colcon_core.shell:Creating package script '/home/eero/tello_ros_ws/install/tello_driver/share/tello_driver/package.ps1'
[27.419s] INFO:colcon.colcon_core.shell:Creating package descriptor '/home/eero/tello_ros_ws/install/tello_driver/share/tello_driver/package.dsv'
[27.419s] INFO:colcon.colcon_core.shell:Creating package script '/home/eero/tello_ros_ws/install/tello_driver/share/tello_driver/package.sh'
[27.420s] INFO:colcon.colcon_core.shell:Creating package script '/home/eero/tello_ros_ws/install/tello_driver/share/tello_driver/package.bash'
[27.420s] INFO:colcon.colcon_core.shell:Creating package script '/home/eero/tello_ros_ws/install/tello_driver/share/tello_driver/package.zsh'
[27.420s] Level 1:colcon.colcon_core.environment:create_file_with_runtime_dependencies(/home/eero/tello_ros_ws/install/tello_driver/share/colcon-core/packages/tello_driver)
[31.987s] DEBUG:colcon.colcon_core.event_handler.log_command:Invoked command in '/home/eero/tello_ros_ws/build/tello_gazebo' returned '0': AMENT_PREFIX_PATH=/home/eero/tello_ros_ws/install/tello_msgs:${AMENT_PREFIX_PATH} CMAKE_PREFIX_PATH=/home/eero/tello_ros_ws/install/tello_msgs:/home/eero/drone_racing_ros2_ws/install/tello_gazebo:/home/eero/drone_racing_ros2_ws/install/tello_driver:/home/eero/drone_racing_ros2_ws/install/tello_msgs:/home/eero/drone_racing_ros2_ws/install/tello_description:/home/eero/drone_racing_ros2_ws/install/ros2_shared:/opt/ros/galactic LD_LIBRARY_PATH=/home/eero/tello_ros_ws/install/tello_msgs/lib:${LD_LIBRARY_PATH} PYTHONPATH=/home/eero/tello_ros_ws/install/tello_msgs/lib/python3.8/site-packages:${PYTHONPATH} /usr/bin/cmake --build /home/eero/tello_ros_ws/build/tello_gazebo -- -j6 -l6
[31.991s] DEBUG:colcon.colcon_core.event_handler.log_command:Invoking command in '/home/eero/tello_ros_ws/build/tello_gazebo': AMENT_PREFIX_PATH=/home/eero/tello_ros_ws/install/tello_msgs:${AMENT_PREFIX_PATH} CMAKE_PREFIX_PATH=/home/eero/tello_ros_ws/install/tello_msgs:/home/eero/drone_racing_ros2_ws/install/tello_gazebo:/home/eero/drone_racing_ros2_ws/install/tello_driver:/home/eero/drone_racing_ros2_ws/install/tello_msgs:/home/eero/drone_racing_ros2_ws/install/tello_description:/home/eero/drone_racing_ros2_ws/install/ros2_shared:/opt/ros/galactic LD_LIBRARY_PATH=/home/eero/tello_ros_ws/install/tello_msgs/lib:${LD_LIBRARY_PATH} PYTHONPATH=/home/eero/tello_ros_ws/install/tello_msgs/lib/python3.8/site-packages:${PYTHONPATH} /usr/bin/cmake --install /home/eero/tello_ros_ws/build/tello_gazebo
[32.018s] Level 1:colcon.colcon_core.environment:create_environment_scripts_only(tello_gazebo)
[32.019s] Level 1:colcon.colcon_core.environment:checking '/home/eero/tello_ros_ws/install/tello_gazebo' for CMake module files
[32.024s] Level 1:colcon.colcon_core.environment:checking '/home/eero/tello_ros_ws/install/tello_gazebo' for CMake config files
[32.027s] DEBUG:colcon.colcon_core.event_handler.log_command:Invoked command in '/home/eero/tello_ros_ws/build/tello_gazebo' returned '0': AMENT_PREFIX_PATH=/home/eero/tello_ros_ws/install/tello_msgs:${AMENT_PREFIX_PATH} CMAKE_PREFIX_PATH=/home/eero/tello_ros_ws/install/tello_msgs:/home/eero/drone_racing_ros2_ws/install/tello_gazebo:/home/eero/drone_racing_ros2_ws/install/tello_driver:/home/eero/drone_racing_ros2_ws/install/tello_msgs:/home/eero/drone_racing_ros2_ws/install/tello_description:/home/eero/drone_racing_ros2_ws/install/ros2_shared:/opt/ros/galactic LD_LIBRARY_PATH=/home/eero/tello_ros_ws/install/tello_msgs/lib:${LD_LIBRARY_PATH} PYTHONPATH=/home/eero/tello_ros_ws/install/tello_msgs/lib/python3.8/site-packages:${PYTHONPATH} /usr/bin/cmake --install /home/eero/tello_ros_ws/build/tello_gazebo
[32.028s] Level 1:colcon.colcon_core.shell:create_environment_hook('tello_gazebo', 'cmake_prefix_path')
[32.028s] INFO:colcon.colcon_core.shell:Creating environment hook '/home/eero/tello_ros_ws/install/tello_gazebo/share/tello_gazebo/hook/cmake_prefix_path.ps1'
[32.029s] INFO:colcon.colcon_core.shell:Creating environment descriptor '/home/eero/tello_ros_ws/install/tello_gazebo/share/tello_gazebo/hook/cmake_prefix_path.dsv'
[32.029s] INFO:colcon.colcon_core.shell:Creating environment hook '/home/eero/tello_ros_ws/install/tello_gazebo/share/tello_gazebo/hook/cmake_prefix_path.sh'
[32.030s] Level 1:colcon.colcon_core.environment:checking '/home/eero/tello_ros_ws/install/tello_gazebo/lib'
[32.030s] Level 1:colcon.colcon_core.shell:create_environment_hook('tello_gazebo', 'ld_library_path_lib')
[32.031s] INFO:colcon.colcon_core.shell:Creating environment hook '/home/eero/tello_ros_ws/install/tello_gazebo/share/tello_gazebo/hook/ld_library_path_lib.ps1'
[32.031s] INFO:colcon.colcon_core.shell:Creating environment descriptor '/home/eero/tello_ros_ws/install/tello_gazebo/share/tello_gazebo/hook/ld_library_path_lib.dsv'
[32.032s] INFO:colcon.colcon_core.shell:Creating environment hook '/home/eero/tello_ros_ws/install/tello_gazebo/share/tello_gazebo/hook/ld_library_path_lib.sh'
[32.032s] Level 1:colcon.colcon_core.environment:checking '/home/eero/tello_ros_ws/install/tello_gazebo/bin'
[32.032s] Level 1:colcon.colcon_core.environment:checking '/home/eero/tello_ros_ws/install/tello_gazebo/lib/pkgconfig/tello_gazebo.pc'
[32.033s] Level 1:colcon.colcon_core.environment:checking '/home/eero/tello_ros_ws/install/tello_gazebo/lib/python3.8/site-packages'
[32.033s] Level 1:colcon.colcon_core.environment:checking '/home/eero/tello_ros_ws/install/tello_gazebo/bin'
[32.033s] INFO:colcon.colcon_core.shell:Creating package script '/home/eero/tello_ros_ws/install/tello_gazebo/share/tello_gazebo/package.ps1'
[32.033s] INFO:colcon.colcon_core.shell:Creating package descriptor '/home/eero/tello_ros_ws/install/tello_gazebo/share/tello_gazebo/package.dsv'
[32.034s] INFO:colcon.colcon_core.shell:Creating package script '/home/eero/tello_ros_ws/install/tello_gazebo/share/tello_gazebo/package.sh'
[32.034s] INFO:colcon.colcon_core.shell:Creating package script '/home/eero/tello_ros_ws/install/tello_gazebo/share/tello_gazebo/package.bash'
[32.034s] INFO:colcon.colcon_core.shell:Creating package script '/home/eero/tello_ros_ws/install/tello_gazebo/share/tello_gazebo/package.zsh'
[32.034s] Level 1:colcon.colcon_core.environment:create_file_with_runtime_dependencies(/home/eero/tello_ros_ws/install/tello_gazebo/share/colcon-core/packages/tello_gazebo)
[32.035s] Level 1:colcon.colcon_core.environment:create_environment_scripts_only(tello_gazebo)
[32.035s] Level 1:colcon.colcon_core.environment:checking '/home/eero/tello_ros_ws/install/tello_gazebo' for CMake module files
[32.035s] Level 1:colcon.colcon_core.environment:checking '/home/eero/tello_ros_ws/install/tello_gazebo' for CMake config files
[32.036s] Level 1:colcon.colcon_core.shell:create_environment_hook('tello_gazebo', 'cmake_prefix_path')
[32.036s] INFO:colcon.colcon_core.shell:Creating environment hook '/home/eero/tello_ros_ws/install/tello_gazebo/share/tello_gazebo/hook/cmake_prefix_path.ps1'
[32.036s] INFO:colcon.colcon_core.shell:Creating environment descriptor '/home/eero/tello_ros_ws/install/tello_gazebo/share/tello_gazebo/hook/cmake_prefix_path.dsv'
[32.037s] INFO:colcon.colcon_core.shell:Creating environment hook '/home/eero/tello_ros_ws/install/tello_gazebo/share/tello_gazebo/hook/cmake_prefix_path.sh'
[32.037s] Level 1:colcon.colcon_core.environment:checking '/home/eero/tello_ros_ws/install/tello_gazebo/lib'
[32.037s] Level 1:colcon.colcon_core.shell:create_environment_hook('tello_gazebo', 'ld_library_path_lib')
[32.037s] INFO:colcon.colcon_core.shell:Creating environment hook '/home/eero/tello_ros_ws/install/tello_gazebo/share/tello_gazebo/hook/ld_library_path_lib.ps1'
[32.038s] INFO:colcon.colcon_core.shell:Creating environment descriptor '/home/eero/tello_ros_ws/install/tello_gazebo/share/tello_gazebo/hook/ld_library_path_lib.dsv'
[32.038s] INFO:colcon.colcon_core.shell:Creating environment hook '/home/eero/tello_ros_ws/install/tello_gazebo/share/tello_gazebo/hook/ld_library_path_lib.sh'
[32.038s] Level 1:colcon.colcon_core.environment:checking '/home/eero/tello_ros_ws/install/tello_gazebo/bin'
[32.038s] Level 1:colcon.colcon_core.environment:checking '/home/eero/tello_ros_ws/install/tello_gazebo/lib/pkgconfig/tello_gazebo.pc'
[32.038s] Level 1:colcon.colcon_core.environment:checking '/home/eero/tello_ros_ws/install/tello_gazebo/lib/python3.8/site-packages'
[32.038s] Level 1:colcon.colcon_core.environment:checking '/home/eero/tello_ros_ws/install/tello_gazebo/bin'
[32.039s] INFO:colcon.colcon_core.shell:Creating package script '/home/eero/tello_ros_ws/install/tello_gazebo/share/tello_gazebo/package.ps1'
[32.039s] INFO:colcon.colcon_core.shell:Creating package descriptor '/home/eero/tello_ros_ws/install/tello_gazebo/share/tello_gazebo/package.dsv'
[32.039s] INFO:colcon.colcon_core.shell:Creating package script '/home/eero/tello_ros_ws/install/tello_gazebo/share/tello_gazebo/package.sh'
[32.040s] INFO:colcon.colcon_core.shell:Creating package script '/home/eero/tello_ros_ws/install/tello_gazebo/share/tello_gazebo/package.bash'
[32.040s] INFO:colcon.colcon_core.shell:Creating package script '/home/eero/tello_ros_ws/install/tello_gazebo/share/tello_gazebo/package.zsh'
[32.040s] Level 1:colcon.colcon_core.environment:create_file_with_runtime_dependencies(/home/eero/tello_ros_ws/install/tello_gazebo/share/colcon-core/packages/tello_gazebo)
[32.041s] DEBUG:colcon.colcon_parallel_executor.executor.parallel:closing loop
[32.041s] DEBUG:colcon.colcon_parallel_executor.executor.parallel:loop closed
[32.041s] DEBUG:colcon.colcon_parallel_executor.executor.parallel:run_until_complete finished with '0'
[32.041s] DEBUG:colcon.colcon_core.event_reactor:joining thread
[32.052s] INFO:colcon.colcon_core.plugin_system:Skipping extension 'colcon_notification.desktop_notification.terminal_notifier': Not used on non-Darwin systems
[32.052s] INFO:colcon.colcon_core.plugin_system:Skipping extension 'colcon_notification.desktop_notification.win32': Not used on non-Windows systems
[32.052s] INFO:colcon.colcon_notification.desktop_notification:Sending desktop notification using 'notify2'
[32.076s] DEBUG:colcon.colcon_core.event_reactor:joined thread
[32.077s] INFO:colcon.colcon_core.shell:Creating prefix script '/home/eero/tello_ros_ws/install/local_setup.ps1'
[32.078s] INFO:colcon.colcon_core.shell:Creating prefix util module '/home/eero/tello_ros_ws/install/_local_setup_util_ps1.py'
[32.080s] INFO:colcon.colcon_core.shell:Creating prefix chain script '/home/eero/tello_ros_ws/install/setup.ps1'
[32.083s] INFO:colcon.colcon_core.shell:Creating prefix script '/home/eero/tello_ros_ws/install/local_setup.sh'
[32.084s] INFO:colcon.colcon_core.shell:Creating prefix util module '/home/eero/tello_ros_ws/install/_local_setup_util_sh.py'
[32.085s] INFO:colcon.colcon_core.shell:Creating prefix chain script '/home/eero/tello_ros_ws/install/setup.sh'
[32.086s] INFO:colcon.colcon_core.shell:Creating prefix script '/home/eero/tello_ros_ws/install/local_setup.bash'
[32.086s] INFO:colcon.colcon_core.shell:Creating prefix chain script '/home/eero/tello_ros_ws/install/setup.bash'
[32.087s] INFO:colcon.colcon_core.shell:Creating prefix script '/home/eero/tello_ros_ws/install/local_setup.zsh'
[32.087s] INFO:colcon.colcon_core.shell:Creating prefix chain script '/home/eero/tello_ros_ws/install/setup.zsh'
