[0.026s] Invoking command in '/home/eero/tello_ros_ws/build/tello_description': CMAKE_PREFIX_PATH=${CMAKE_PREFIX_PATH}:/opt/ros/galactic /usr/bin/cmake /home/eero/tello_ros_ws/src/tello_ros/tello_description -DCMAKE_INSTALL_PREFIX=/home/eero/tello_ros_ws/install/tello_description
[0.142s] -- The C compiler identification is GNU 9.4.0
[0.193s] -- The CXX compiler identification is GNU 9.4.0
[0.203s] -- Check for working C compiler: /usr/bin/cc
[0.281s] -- Check for working C compiler: /usr/bin/cc -- works
[0.284s] -- Detecting C compiler ABI info
[0.365s] -- Detecting C compiler ABI info - done
[0.375s] -- Detecting C compile features
[0.375s] -- Detecting C compile features - done
[0.378s] -- Check for working CXX compiler: /usr/bin/c++
[0.450s] -- Check for working CXX compiler: /usr/bin/c++ -- works
[0.451s] -- Detecting CXX compiler ABI info
[0.540s] -- Detecting CXX compiler ABI info - done
[0.554s] -- Detecting CXX compile features
[0.554s] -- Detecting CXX compile features - done
[0.557s] -- Found ament_cmake: 1.1.6 (/opt/ros/galactic/share/ament_cmake/cmake)
[0.586s] -- Found PythonInterp: /usr/bin/python3 (found suitable version "3.8.10", minimum required is "3") 
[0.586s] -- Using PYTHON_EXECUTABLE: /usr/bin/python3
[0.680s] -- creating rules for /home/eero/tello_ros_ws/build/tello_description/urdf/tello.urdf
[0.681s] -- creating rules for /home/eero/tello_ros_ws/build/tello_description/urdf/tello_1.urdf
[0.681s] -- creating rules for /home/eero/tello_ros_ws/build/tello_description/urdf/tello_2.urdf
[0.681s] -- creating rules for /home/eero/tello_ros_ws/build/tello_description/urdf/tello_3.urdf
[0.681s] -- creating rules for /home/eero/tello_ros_ws/build/tello_description/urdf/tello_4.urdf
[0.681s] -- creating rules for /home/eero/tello_ros_ws/build/tello_description/urdf/tello_5.urdf
[0.681s] -- creating rules for /home/eero/tello_ros_ws/build/tello_description/urdf/tello_6.urdf
[0.681s] -- creating rules for /home/eero/tello_ros_ws/build/tello_description/urdf/tello_7.urdf
[0.681s] -- creating rules for /home/eero/tello_ros_ws/build/tello_description/urdf/tello_8.urdf
[0.737s] -- Configuring done
[0.745s] -- Generating done
[0.747s] -- Build files have been written to: /home/eero/tello_ros_ws/build/tello_description
[0.751s] Invoked command in '/home/eero/tello_ros_ws/build/tello_description' returned '0': CMAKE_PREFIX_PATH=${CMAKE_PREFIX_PATH}:/opt/ros/galactic /usr/bin/cmake /home/eero/tello_ros_ws/src/tello_ros/tello_description -DCMAKE_INSTALL_PREFIX=/home/eero/tello_ros_ws/install/tello_description
[0.756s] Invoking command in '/home/eero/tello_ros_ws/build/tello_description': CMAKE_PREFIX_PATH=${CMAKE_PREFIX_PATH}:/opt/ros/galactic /usr/bin/cmake --build /home/eero/tello_ros_ws/build/tello_description -- -j6 -l6
[0.799s] [35m[1mScanning dependencies of target generate_urdf_6[0m
[0.803s] [35m[1mScanning dependencies of target generate_urdf_1[0m
[0.803s] [35m[1mScanning dependencies of target generate_urdf_3[0m
[0.804s] [35m[1mScanning dependencies of target generate_urdf_8[0m
[0.805s] [35m[1mScanning dependencies of target generate_urdf[0m
[0.810s] [35m[1mScanning dependencies of target generate_urdf_4[0m
[0.813s] [ 11%] [34m[1mGenerate /home/eero/tello_ros_ws/build/tello_description/urdf/tello_6.urdf[0m
[0.815s] [ 33%] [34m[1mGenerate /home/eero/tello_ros_ws/build/tello_description/urdf/tello_8.urdf[0m
[0.815s] [ 33%] [34m[1mGenerate /home/eero/tello_ros_ws/build/tello_description/urdf/tello_3.urdf[0m
[0.818s] [ 44%] [34m[1mGenerate /home/eero/tello_ros_ws/build/tello_description/urdf/tello_1.urdf[0m
[0.819s] [ 55%] [34m[1mGenerate /home/eero/tello_ros_ws/build/tello_description/urdf/tello.urdf[0m
[0.827s] [ 66%] [34m[1mGenerate /home/eero/tello_ros_ws/build/tello_description/urdf/tello_4.urdf[0m
[0.855s] [ 66%] Built target generate_urdf_3
[0.857s] [ 66%] Built target generate_urdf_6
[0.861s] [ 66%] Built target generate_urdf
[0.868s] [ 66%] Built target generate_urdf_1
[0.869s] [ 66%] Built target generate_urdf_4
[0.872s] [ 66%] Built target generate_urdf_8
[0.873s] [35m[1mScanning dependencies of target generate_urdf_2[0m
[0.874s] [35m[1mScanning dependencies of target generate_urdf_7[0m
[0.876s] [35m[1mScanning dependencies of target generate_urdf_5[0m
[0.883s] [ 88%] [34m[1mGenerate /home/eero/tello_ros_ws/build/tello_description/urdf/tello_7.urdf[0m
[0.883s] [ 88%] [34m[1mGenerate /home/eero/tello_ros_ws/build/tello_description/urdf/tello_2.urdf[0m
[0.893s] [100%] [34m[1mGenerate /home/eero/tello_ros_ws/build/tello_description/urdf/tello_5.urdf[0m
[0.913s] [100%] Built target generate_urdf_2
[0.920s] [100%] Built target generate_urdf_7
[0.926s] [100%] Built target generate_urdf_5
[0.942s] Invoked command in '/home/eero/tello_ros_ws/build/tello_description' returned '0': CMAKE_PREFIX_PATH=${CMAKE_PREFIX_PATH}:/opt/ros/galactic /usr/bin/cmake --build /home/eero/tello_ros_ws/build/tello_description -- -j6 -l6
[0.958s] Invoking command in '/home/eero/tello_ros_ws/build/tello_description': CMAKE_PREFIX_PATH=${CMAKE_PREFIX_PATH}:/opt/ros/galactic /usr/bin/cmake --install /home/eero/tello_ros_ws/build/tello_description
[0.969s] -- Install configuration: ""
[0.969s] -- Installing: /home/eero/tello_ros_ws/install/tello_description/share/tello_description/urdf
[0.970s] -- Installing: /home/eero/tello_ros_ws/install/tello_description/share/tello_description/urdf/tello.urdf
[0.970s] -- Installing: /home/eero/tello_ros_ws/install/tello_description/share/tello_description/urdf/tello_5.urdf
[0.970s] -- Installing: /home/eero/tello_ros_ws/install/tello_description/share/tello_description/urdf/tello_3.urdf
[0.970s] -- Installing: /home/eero/tello_ros_ws/install/tello_description/share/tello_description/urdf/tello_8.urdf
[0.970s] -- Installing: /home/eero/tello_ros_ws/install/tello_description/share/tello_description/urdf/tello_7.urdf
[0.971s] -- Installing: /home/eero/tello_ros_ws/install/tello_description/share/tello_description/urdf/tello_4.urdf
[0.971s] -- Installing: /home/eero/tello_ros_ws/install/tello_description/share/tello_description/urdf/tello_1.urdf
[0.971s] -- Installing: /home/eero/tello_ros_ws/install/tello_description/share/tello_description/urdf/tello_2.urdf
[0.971s] -- Installing: /home/eero/tello_ros_ws/install/tello_description/share/tello_description/urdf/tello_6.urdf
[0.971s] -- Installing: /home/eero/tello_ros_ws/install/tello_description/share/ament_index/resource_index/package_run_dependencies/tello_description
[0.971s] -- Installing: /home/eero/tello_ros_ws/install/tello_description/share/ament_index/resource_index/parent_prefix_path/tello_description
[0.971s] -- Installing: /home/eero/tello_ros_ws/install/tello_description/share/tello_description/environment/ament_prefix_path.sh
[0.971s] -- Installing: /home/eero/tello_ros_ws/install/tello_description/share/tello_description/environment/ament_prefix_path.dsv
[0.972s] -- Installing: /home/eero/tello_ros_ws/install/tello_description/share/tello_description/environment/path.sh
[0.972s] -- Installing: /home/eero/tello_ros_ws/install/tello_description/share/tello_description/environment/path.dsv
[0.972s] -- Installing: /home/eero/tello_ros_ws/install/tello_description/share/tello_description/local_setup.bash
[0.972s] -- Installing: /home/eero/tello_ros_ws/install/tello_description/share/tello_description/local_setup.sh
[0.972s] -- Installing: /home/eero/tello_ros_ws/install/tello_description/share/tello_description/local_setup.zsh
[0.972s] -- Installing: /home/eero/tello_ros_ws/install/tello_description/share/tello_description/local_setup.dsv
[0.972s] -- Installing: /home/eero/tello_ros_ws/install/tello_description/share/tello_description/package.dsv
[0.973s] -- Installing: /home/eero/tello_ros_ws/install/tello_description/share/ament_index/resource_index/packages/tello_description
[0.978s] -- Installing: /home/eero/tello_ros_ws/install/tello_description/share/tello_description/cmake/tello_descriptionConfig.cmake
[0.978s] -- Installing: /home/eero/tello_ros_ws/install/tello_description/share/tello_description/cmake/tello_descriptionConfig-version.cmake
[0.979s] -- Installing: /home/eero/tello_ros_ws/install/tello_description/share/tello_description/package.xml
[0.979s] Invoked command in '/home/eero/tello_ros_ws/build/tello_description' returned '0': CMAKE_PREFIX_PATH=${CMAKE_PREFIX_PATH}:/opt/ros/galactic /usr/bin/cmake --install /home/eero/tello_ros_ws/build/tello_description
