[0.015s] Invoking command in '/home/eero/tello_ros_ws/build/tello_driver': AMENT_PREFIX_PATH=/home/eero/tello_ros_ws/install/tello_msgs:/home/eero/tello_ros_ws/install/ros2_shared:${AMENT_PREFIX_PATH} CMAKE_PREFIX_PATH=/home/eero/tello_ros_ws/install/tello_msgs:/home/eero/tello_ros_ws/install/ros2_shared:/home/eero/drone_racing_ros2_ws/install/tello_gazebo:/home/eero/drone_racing_ros2_ws/install/tello_driver:/home/eero/drone_racing_ros2_ws/install/tello_msgs:/home/eero/drone_racing_ros2_ws/install/tello_description:/home/eero/drone_racing_ros2_ws/install/ros2_shared:/opt/ros/galactic LD_LIBRARY_PATH=/home/eero/tello_ros_ws/install/tello_msgs/lib:${LD_LIBRARY_PATH} PYTHONPATH=/home/eero/tello_ros_ws/install/tello_msgs/lib/python3.8/site-packages:${PYTHONPATH} /usr/bin/cmake /home/eero/tello_ros_ws/src/tello_ros/tello_driver -DCMAKE_INSTALL_PREFIX=/home/eero/tello_ros_ws/install/tello_driver
[0.080s] -- The C compiler identification is GNU 9.4.0
[0.141s] -- The CXX compiler identification is GNU 9.4.0
[0.146s] -- Check for working C compiler: /usr/bin/cc
[0.223s] -- Check for working C compiler: /usr/bin/cc -- works
[0.224s] -- Detecting C compiler ABI info
[0.315s] -- Detecting C compiler ABI info - done
[0.328s] -- Detecting C compile features
[0.329s] -- Detecting C compile features - done
[0.330s] -- Check for working CXX compiler: /usr/bin/c++
[0.420s] -- Check for working CXX compiler: /usr/bin/c++ -- works
[0.422s] -- Detecting CXX compiler ABI info
[0.509s] -- Detecting CXX compiler ABI info - done
[0.524s] -- Detecting CXX compile features
[0.524s] -- Detecting CXX compile features - done
[0.526s] -- Found ament_cmake: 1.1.6 (/opt/ros/galactic/share/ament_cmake/cmake)
[0.552s] -- Found PythonInterp: /usr/bin/python3 (found suitable version "3.8.10", minimum required is "3") 
[0.552s] -- Using PYTHON_EXECUTABLE: /usr/bin/python3
[0.634s] -- Found camera_calibration_parsers: 2.5.1 (/opt/ros/galactic/share/camera_calibration_parsers/cmake)
[0.680s] -- Using all available rosidl_typesupport_c: rosidl_typesupport_fastrtps_c;rosidl_typesupport_introspection_c
[0.685s] -- Found rosidl_adapter: 2.2.3 (/opt/ros/galactic/share/rosidl_adapter/cmake)
[0.790s] -- Found OpenSSL: /usr/lib/x86_64-linux-gnu/libcrypto.so (found version "1.1.1f")  
[0.818s] -- Found FastRTPS: /opt/ros/galactic/include  
[0.895s] -- Using all available rosidl_typesupport_cpp: rosidl_typesupport_fastrtps_cpp;rosidl_typesupport_introspection_cpp
[0.947s] -- Found rmw_implementation_cmake: 3.3.1 (/opt/ros/galactic/share/rmw_implementation_cmake/cmake)
[0.949s] -- Found rmw_cyclonedds_cpp: 0.22.6 (/opt/ros/galactic/share/rmw_cyclonedds_cpp/cmake)
[0.967s] -- Using RMW implementation 'rmw_cyclonedds_cpp' as default
[0.967s] -- Looking for pthread.h
[1.048s] -- Looking for pthread.h - found
[1.049s] -- Performing Test CMAKE_HAVE_LIBC_PTHREAD
[1.136s] -- Performing Test CMAKE_HAVE_LIBC_PTHREAD - Failed
[1.136s] -- Looking for pthread_create in pthreads
[1.214s] -- Looking for pthread_create in pthreads - not found
[1.214s] -- Looking for pthread_create in pthread
[1.300s] -- Looking for pthread_create in pthread - found
[1.302s] -- Found Threads: TRUE  
[1.578s] -- Setting yaml-cpp_DIR to: '/opt/ros/galactic/share/yaml_cpp_vendor/cmake/../../../opt/yaml_cpp_vendor/lib/cmake/yaml-cpp'
[1.589s] -- Found class_loader: 2.1.2 (/opt/ros/galactic/share/class_loader/cmake)
[1.596s] -- Found cv_bridge: 3.1.3 (/opt/ros/galactic/share/cv_bridge/cmake)
[1.626s] -- Found OpenCV: /usr (found version "4.2.0") 
[1.628s] -- Found rclcpp_components: 9.2.2 (/opt/ros/galactic/share/rclcpp_components/cmake)
[1.687s] -- Found ros2_shared: 0.1.0 (/home/eero/tello_ros_ws/install/ros2_shared/share/ros2_shared/cmake)
[1.690s] -- Found tello_msgs: 0.1.0 (/home/eero/tello_ros_ws/install/tello_msgs/share/tello_msgs/cmake)
[1.877s] -- Configuring done
[1.928s] -- Generating done
[1.954s] -- Build files have been written to: /home/eero/tello_ros_ws/build/tello_driver
[1.964s] Invoked command in '/home/eero/tello_ros_ws/build/tello_driver' returned '0': AMENT_PREFIX_PATH=/home/eero/tello_ros_ws/install/tello_msgs:/home/eero/tello_ros_ws/install/ros2_shared:${AMENT_PREFIX_PATH} CMAKE_PREFIX_PATH=/home/eero/tello_ros_ws/install/tello_msgs:/home/eero/tello_ros_ws/install/ros2_shared:/home/eero/drone_racing_ros2_ws/install/tello_gazebo:/home/eero/drone_racing_ros2_ws/install/tello_driver:/home/eero/drone_racing_ros2_ws/install/tello_msgs:/home/eero/drone_racing_ros2_ws/install/tello_description:/home/eero/drone_racing_ros2_ws/install/ros2_shared:/opt/ros/galactic LD_LIBRARY_PATH=/home/eero/tello_ros_ws/install/tello_msgs/lib:${LD_LIBRARY_PATH} PYTHONPATH=/home/eero/tello_ros_ws/install/tello_msgs/lib/python3.8/site-packages:${PYTHONPATH} /usr/bin/cmake /home/eero/tello_ros_ws/src/tello_ros/tello_driver -DCMAKE_INSTALL_PREFIX=/home/eero/tello_ros_ws/install/tello_driver
[1.965s] Invoking command in '/home/eero/tello_ros_ws/build/tello_driver': AMENT_PREFIX_PATH=/home/eero/tello_ros_ws/install/tello_msgs:/home/eero/tello_ros_ws/install/ros2_shared:${AMENT_PREFIX_PATH} CMAKE_PREFIX_PATH=/home/eero/tello_ros_ws/install/tello_msgs:/home/eero/tello_ros_ws/install/ros2_shared:/home/eero/drone_racing_ros2_ws/install/tello_gazebo:/home/eero/drone_racing_ros2_ws/install/tello_driver:/home/eero/drone_racing_ros2_ws/install/tello_msgs:/home/eero/drone_racing_ros2_ws/install/tello_description:/home/eero/drone_racing_ros2_ws/install/ros2_shared:/opt/ros/galactic LD_LIBRARY_PATH=/home/eero/tello_ros_ws/install/tello_msgs/lib:${LD_LIBRARY_PATH} PYTHONPATH=/home/eero/tello_ros_ws/install/tello_msgs/lib/python3.8/site-packages:${PYTHONPATH} /usr/bin/cmake --build /home/eero/tello_ros_ws/build/tello_driver -- -j6 -l6
[2.015s] [35m[1mScanning dependencies of target tello_joy_node[0m
[2.016s] [35m[1mScanning dependencies of target tello_driver_node[0m
[2.020s] [35m[1mScanning dependencies of target tello_emulator[0m
[2.020s] [35m[1mScanning dependencies of target tello_driver_main[0m
[2.021s] [35m[1mScanning dependencies of target tello_joy_main[0m
[2.029s] [  4%] [32mBuilding CXX object CMakeFiles/tello_emulator.dir/src/tello_emulator.cpp.o[0m
[2.056s] [  9%] [32mBuilding CXX object CMakeFiles/tello_joy_node.dir/src/tello_joy_node.cpp.o[0m
[2.064s] [ 13%] [32mBuilding CXX object CMakeFiles/tello_joy_main.dir/src/tello_joy_node.cpp.o[0m
[2.067s] [ 18%] [32mBuilding CXX object CMakeFiles/tello_joy_main.dir/src/tello_joy_main.cpp.o[0m
[2.128s] [ 22%] [32mBuilding CXX object CMakeFiles/tello_driver_node.dir/src/tello_driver_node.cpp.o[0m
[2.151s] [ 27%] [32mBuilding CXX object CMakeFiles/tello_driver_main.dir/src/tello_driver_main.cpp.o[0m
[3.418s] [ 31%] [32m[1mLinking CXX executable tello_emulator[0m
[3.534s] [ 31%] Built target tello_emulator
[3.543s] [ 36%] [32mBuilding CXX object CMakeFiles/tello_driver_main.dir/src/tello_driver_node.cpp.o[0m
[4.735s] [ 40%] [32mBuilding CXX object CMakeFiles/tello_driver_main.dir/src/tello_socket.cpp.o[0m
[5.823s] [ 45%] [32mBuilding CXX object CMakeFiles/tello_driver_main.dir/src/command_socket.cpp.o[0m
[8.368s] [ 50%] [32mBuilding CXX object CMakeFiles/tello_driver_main.dir/src/state_socket.cpp.o[0m
[9.881s] [ 54%] [32mBuilding CXX object CMakeFiles/tello_driver_main.dir/src/video_socket.cpp.o[0m
[11.318s] [ 59%] [32m[1mLinking CXX executable tello_joy_main[0m
[11.420s] [ 63%] [32m[1mLinking CXX shared library libtello_joy_node.so[0m
[12.048s] [ 63%] Built target tello_joy_main
[12.088s] [ 68%] [32mBuilding CXX object CMakeFiles/tello_driver_node.dir/src/tello_socket.cpp.o[0m
[12.148s] [ 68%] Built target tello_joy_node
[12.183s] [ 72%] [32mBuilding CXX object CMakeFiles/tello_driver_node.dir/src/command_socket.cpp.o[0m
[14.105s] [ 77%] [32mBuilding CXX object CMakeFiles/tello_driver_main.dir/h264decoder/h264decoder.cpp.o[0m
[14.445s] [ 81%] [32mBuilding CXX object CMakeFiles/tello_driver_node.dir/src/state_socket.cpp.o[0m
[14.728s] [ 86%] [32mBuilding CXX object CMakeFiles/tello_driver_node.dir/src/video_socket.cpp.o[0m
[15.209s] [ 90%] [32mBuilding CXX object CMakeFiles/tello_driver_node.dir/h264decoder/h264decoder.cpp.o[0m
[16.912s] [ 95%] [32m[1mLinking CXX executable tello_driver_main[0m
[18.311s] [ 95%] Built target tello_driver_main
[19.959s] [100%] [32m[1mLinking CXX shared library libtello_driver_node.so[0m
[20.896s] [100%] Built target tello_driver_node
[20.912s] Invoked command in '/home/eero/tello_ros_ws/build/tello_driver' returned '0': AMENT_PREFIX_PATH=/home/eero/tello_ros_ws/install/tello_msgs:/home/eero/tello_ros_ws/install/ros2_shared:${AMENT_PREFIX_PATH} CMAKE_PREFIX_PATH=/home/eero/tello_ros_ws/install/tello_msgs:/home/eero/tello_ros_ws/install/ros2_shared:/home/eero/drone_racing_ros2_ws/install/tello_gazebo:/home/eero/drone_racing_ros2_ws/install/tello_driver:/home/eero/drone_racing_ros2_ws/install/tello_msgs:/home/eero/drone_racing_ros2_ws/install/tello_description:/home/eero/drone_racing_ros2_ws/install/ros2_shared:/opt/ros/galactic LD_LIBRARY_PATH=/home/eero/tello_ros_ws/install/tello_msgs/lib:${LD_LIBRARY_PATH} PYTHONPATH=/home/eero/tello_ros_ws/install/tello_msgs/lib/python3.8/site-packages:${PYTHONPATH} /usr/bin/cmake --build /home/eero/tello_ros_ws/build/tello_driver -- -j6 -l6
[20.917s] Invoking command in '/home/eero/tello_ros_ws/build/tello_driver': AMENT_PREFIX_PATH=/home/eero/tello_ros_ws/install/tello_msgs:/home/eero/tello_ros_ws/install/ros2_shared:${AMENT_PREFIX_PATH} CMAKE_PREFIX_PATH=/home/eero/tello_ros_ws/install/tello_msgs:/home/eero/tello_ros_ws/install/ros2_shared:/home/eero/drone_racing_ros2_ws/install/tello_gazebo:/home/eero/drone_racing_ros2_ws/install/tello_driver:/home/eero/drone_racing_ros2_ws/install/tello_msgs:/home/eero/drone_racing_ros2_ws/install/tello_description:/home/eero/drone_racing_ros2_ws/install/ros2_shared:/opt/ros/galactic LD_LIBRARY_PATH=/home/eero/tello_ros_ws/install/tello_msgs/lib:${LD_LIBRARY_PATH} PYTHONPATH=/home/eero/tello_ros_ws/install/tello_msgs/lib/python3.8/site-packages:${PYTHONPATH} /usr/bin/cmake --install /home/eero/tello_ros_ws/build/tello_driver
[20.930s] -- Install configuration: ""
[20.930s] -- Installing: /home/eero/tello_ros_ws/install/tello_driver/share/tello_driver/environment/library_path.sh
[20.930s] -- Installing: /home/eero/tello_ros_ws/install/tello_driver/share/tello_driver/environment/library_path.dsv
[20.930s] -- Installing: /home/eero/tello_ros_ws/install/tello_driver/lib/libtello_driver_node.so
[20.936s] -- Set runtime path of "/home/eero/tello_ros_ws/install/tello_driver/lib/libtello_driver_node.so" to ""
[20.936s] -- Installing: /home/eero/tello_ros_ws/install/tello_driver/lib/libtello_joy_node.so
[20.940s] -- Set runtime path of "/home/eero/tello_ros_ws/install/tello_driver/lib/libtello_joy_node.so" to ""
[20.941s] -- Installing: /home/eero/tello_ros_ws/install/tello_driver/lib/tello_driver/tello_driver_main
[20.944s] -- Set runtime path of "/home/eero/tello_ros_ws/install/tello_driver/lib/tello_driver/tello_driver_main" to ""
[20.944s] -- Installing: /home/eero/tello_ros_ws/install/tello_driver/lib/tello_driver/tello_joy_main
[20.947s] -- Set runtime path of "/home/eero/tello_ros_ws/install/tello_driver/lib/tello_driver/tello_joy_main" to ""
[20.947s] -- Installing: /home/eero/tello_ros_ws/install/tello_driver/lib/tello_driver/tello_emulator
[20.947s] -- Installing: /home/eero/tello_ros_ws/install/tello_driver/share/tello_driver/cfg
[20.947s] -- Installing: /home/eero/tello_ros_ws/install/tello_driver/share/tello_driver/cfg/camera_info.yaml
[20.947s] -- Installing: /home/eero/tello_ros_ws/install/tello_driver/share/tello_driver/launch
[20.947s] -- Installing: /home/eero/tello_ros_ws/install/tello_driver/share/tello_driver/launch/emulator_launch.py
[20.948s] -- Installing: /home/eero/tello_ros_ws/install/tello_driver/share/tello_driver/launch/emulators_launch.py
[20.948s] -- Installing: /home/eero/tello_ros_ws/install/tello_driver/share/tello_driver/launch/teleop_launch.py
[20.948s] -- Installing: /home/eero/tello_ros_ws/install/tello_driver/share/ament_index/resource_index/package_run_dependencies/tello_driver
[20.948s] -- Installing: /home/eero/tello_ros_ws/install/tello_driver/share/ament_index/resource_index/parent_prefix_path/tello_driver
[20.948s] -- Installing: /home/eero/tello_ros_ws/install/tello_driver/share/tello_driver/environment/ament_prefix_path.sh
[20.949s] -- Installing: /home/eero/tello_ros_ws/install/tello_driver/share/tello_driver/environment/ament_prefix_path.dsv
[20.949s] -- Installing: /home/eero/tello_ros_ws/install/tello_driver/share/tello_driver/environment/path.sh
[20.949s] -- Installing: /home/eero/tello_ros_ws/install/tello_driver/share/tello_driver/environment/path.dsv
[20.949s] -- Installing: /home/eero/tello_ros_ws/install/tello_driver/share/tello_driver/local_setup.bash
[20.949s] -- Installing: /home/eero/tello_ros_ws/install/tello_driver/share/tello_driver/local_setup.sh
[20.949s] -- Installing: /home/eero/tello_ros_ws/install/tello_driver/share/tello_driver/local_setup.zsh
[20.949s] -- Installing: /home/eero/tello_ros_ws/install/tello_driver/share/tello_driver/local_setup.dsv
[20.949s] -- Installing: /home/eero/tello_ros_ws/install/tello_driver/share/tello_driver/package.dsv
[20.950s] -- Installing: /home/eero/tello_ros_ws/install/tello_driver/share/ament_index/resource_index/packages/tello_driver
[20.950s] -- Installing: /home/eero/tello_ros_ws/install/tello_driver/share/ament_index/resource_index/rclcpp_components/tello_driver
[20.950s] -- Installing: /home/eero/tello_ros_ws/install/tello_driver/share/tello_driver/cmake/tello_driverConfig.cmake
[20.950s] -- Installing: /home/eero/tello_ros_ws/install/tello_driver/share/tello_driver/cmake/tello_driverConfig-version.cmake
[20.950s] -- Installing: /home/eero/tello_ros_ws/install/tello_driver/share/tello_driver/package.xml
[20.951s] Invoked command in '/home/eero/tello_ros_ws/build/tello_driver' returned '0': AMENT_PREFIX_PATH=/home/eero/tello_ros_ws/install/tello_msgs:/home/eero/tello_ros_ws/install/ros2_shared:${AMENT_PREFIX_PATH} CMAKE_PREFIX_PATH=/home/eero/tello_ros_ws/install/tello_msgs:/home/eero/tello_ros_ws/install/ros2_shared:/home/eero/drone_racing_ros2_ws/install/tello_gazebo:/home/eero/drone_racing_ros2_ws/install/tello_driver:/home/eero/drone_racing_ros2_ws/install/tello_msgs:/home/eero/drone_racing_ros2_ws/install/tello_description:/home/eero/drone_racing_ros2_ws/install/ros2_shared:/opt/ros/galactic LD_LIBRARY_PATH=/home/eero/tello_ros_ws/install/tello_msgs/lib:${LD_LIBRARY_PATH} PYTHONPATH=/home/eero/tello_ros_ws/install/tello_msgs/lib/python3.8/site-packages:${PYTHONPATH} /usr/bin/cmake --install /home/eero/tello_ros_ws/build/tello_driver
